<?xml version="1.0" encoding="UTF-8" ?><testsuite errors="0" name="jasmine.specs" tests="288" failures="160" skipped="0" hostname="localhost" time="0.0" timestamp="2012-08-13T19:44:10"><testcase classname="jasmine" name="Eight Ball Game Scoring should be able to take a ball number 1-7 and 9-15 and score it correctly" time="0.0" failure="false"/><testcase classname="jasmine" name="Eight Ball Game Scoring should be able to take ball number 8 and score it correctly" time="0.0" failure="false"/><testcase classname="jasmine" name="Eight Ball Game Scoring should only allow each ball to be scored one time" time="0.0" failure="false"/><testcase classname="jasmine" name="Eight Ball Game Scoring should be able to get the number of balls types each player has hit in" time="0.0" failure="false"/><testcase classname="jasmine" name="Eight Ball Game Scoring should be able to set a game as Scratch On 8" time="0.0" failure="false"/><testcase classname="jasmine" name="Eight Ball Game Scoring should be able to keep track if player one had 8 on snap" time="0.0" failure="false"/><testcase classname="jasmine" name="Eight Ball Game Scoring should be able to keep track if player one had break and run" time="0.0" failure="false"/><testcase classname="jasmine" name="Eight Ball Game Scoring should be able to keep track if player two had 8 on snap" time="0.0" failure="false"/><testcase classname="jasmine" name="Eight Ball Game Scoring should be able to keep track if player one two break and run" time="0.0" failure="false"/><testcase classname="jasmine" name="Eight Ball Game Scoring should know if the 8 ball is pocketed on the break and give the current player a EightOnSnap" time="0.0" failure="false"/><testcase classname="jasmine" name="Eight Ball Game Scoring should know if the 8 ball is not pocketed on the break and not give the current player a EightOnSnap" time="0.0" failure="false"/><testcase classname="jasmine" name="Eight Ball Game Scoring should know when a player has hit all the balls in and is still breaking and only give them a 8BR" time="0.0" failure="false"/><testcase classname="jasmine" name="Eight Ball Game Scoring should be able to set player one to have a eight on snap and if not already true add one to that players total eight on snaps." time="0.0" failure="false"/><testcase classname="jasmine" name="Eight Ball Game Scoring should be able to set player two to have a eight on snap and if not already true add one to that players total eight on snaps." time="0.0" failure="false"/><testcase classname="jasmine" name="Eight Ball Game Scoring should be able to set player one to have a break and run and if not already true add one to that players total break and runs." time="0.0" failure="false"/><testcase classname="jasmine" name="Eight Ball Game Scoring should be able to tell if the game is an early eight ball" time="0.0" failure="false"/><testcase classname="jasmine" name="Eight Ball Game Scoring should be able to set player two to have a break and run and if not already true add one to that players total break and runs." time="0.0" failure="false"/><testcase classname="jasmine" name="Eight Ball Game Scoring should know when the player breaks and then continues on to all the balls in without missing one" time="0.0" failure="false"/><testcase classname="jasmine" name="Eight Ball Game Scoring should able to assign a ball type after the break if only one ball type has been hit in" time="0.0" failure="false"/><testcase classname="jasmine" name="Eight Ball Game Scoring should able to assign a ball type after the break if only one ball type has been hit in" time="0.0" failure="false"/><testcase classname="jasmine" name="Eight Ball Game Scoring should be able to keep track of which solid balls have been hit in" time="0.0" failure="false"/><testcase classname="jasmine" name="Eight Ball Game Scoring should be able to keep track of which striped balls have been hit in" time="0.0" failure="false"/><testcase classname="jasmine" name="Eight Ball Game Scoring should be able to set player one to striped balls" time="0.0" failure="false"/><testcase classname="jasmine" name="Eight Ball Game Scoring should be able to set player one to solid balls" time="0.0" failure="false"/><testcase classname="jasmine" name="Eight Ball Game Scoring should be able to set player two to striped balls" time="0.0" failure="false"/><testcase classname="jasmine" name="Eight Ball Game Scoring should be able to set player two to solid balls" time="0.0" failure="false"/><testcase classname="jasmine" name="Eight Ball Game Scoring should be able to find out if there is a winner if a player hits a BR and set that player to won" time="0.0" failure="false"/><testcase classname="jasmine" name="Eight Ball Game Scoring should be able to find out if there is a winner if player two wins and set that player to won" time="0.0" failure="false"/><testcase classname="jasmine" name="Eight Ball Game Scoring should be able to find out if there is a winner after ball type has been selected and set that player to won" time="0.0" failure="false"/><testcase classname="jasmine" name="Eight Ball Game Scoring should be able to return a list of all balls that have been hit in" time="0.0" failure="false"/><testcase classname="jasmine" name="Eight Ball Game Scoring should be able to hit a safety" time="0.0" failure="false"/><testcase classname="jasmine" name="Eight Ball Game Scoring should be able to return the game score with player one's score first (example 2-3)" time="0.0" failure="false"/><testcase classname="jasmine" name="Eight Ball Game Scoring should be able to keep track of the last ball scored" time="0.0" failure="false"/><testcase classname="jasmine" name="Eight Ball Game Innings should keep track of the number of innings" time="0.0" failure="false"/><testcase classname="jasmine" name="Eight Ball Game Innings should be able to add 1 to the number of innings" time="0.0" failure="false"/><testcase classname="jasmine" name="Eight Ball Game Innings should be able to add 1 to the innings when player2's turn is over" time="0.0" failure="false"/><testcase classname="jasmine" name="Eight Ball Game Innings should be able to end the break if no balls were hit in" time="0.0" failure="false"/><testcase classname="jasmine" name="Eight Ball Game Innings should be able to change who is currentlyUp" time="0.0" failure="false"/><testcase classname="jasmine" name="Eight Ball Game Innings should be able to know if a player is still breaking(balls scored) when they use NextPlayerIsUp while breaking" time="0.0" failure="false"/><testcase classname="jasmine" name="Eight Ball Game Innings should be able to know if a players turn is over(no balls scored) when they use NextPlayerIsUp while breaking" time="0.0" failure="false"/><testcase classname="jasmine" name="Eight Ball Game Innings should end the current players turn when they hit a safety" time="0.0" failure="false"/><testcase classname="jasmine" name="Eight Ball Game Innings should be able to have a state of breaking" time="0.0" failure="false"/><testcase classname="jasmine" name="Eight Ball Game Innings should be able to have change the breaking state to false" time="0.0" failure="false"/><testcase classname="jasmine" name="Eight Ball Game Innings should know if the breaking player is still up" time="0.0" failure="false"/><testcase classname="jasmine" name="Eight Ball Game Game Ending should be able to be ended" time="0.0" failure="false"/><testcase classname="jasmine" name="Eight Ball Game Game Ending should be able to make a player win and add one to games won" time="0.0" failure="false"/><testcase classname="jasmine" name="Eight Ball Game Game Ending should end the game and give currently player up the win if they pocket the 8 ball on break" time="0.0" failure="false"/><testcase classname="jasmine" name="Eight Ball Game Game Ending should know the match has completed when the 8 his hit in" time="0.0" failure="false"/><testcase classname="jasmine" name="Eight Ball Game Game Ending should end the game if a player hits the 8 ball in when it is not their last ball or on break" time="0.0" failure="false"/><testcase classname="jasmine" name="Eight Ball Game Player Timeouts should allow the currentplayer to be able to take a timeout" time="0.0" failure="false"/><testcase classname="jasmine" name="Eight Ball Game Player Timeouts should not allow the current player to take more time outs than given" time="0.0" failure="false"/><testcase classname="jasmine" name="Eight Ball Game Player Timeouts should be able to return the current player's remaining number of timeouts" time="0.0" failure="false"/><testcase classname="jasmine" name="Eight Ball Game Player Information should return winning players name (player one)" time="0.0" failure="false"/><testcase classname="jasmine" name="Eight Ball Game toJSON/fromJSON should be able to take a new Game and turn it into a JSON object" time="0.0" failure="false"/><testcase classname="jasmine" name="Eight Ball Game toJSON/fromJSON should be able to take a filled up Game and turn it into a JSON object" time="0.0" failure="false"/><testcase classname="jasmine" name="Eight Ball Game toJSON/fromJSON should be able to take a Game JSON and fill a Game object with it" time="0.0" failure="false"/><testcase classname="jasmine" name="Eight Ball League Match should have homeTeamNumber, awayTeamNumber, startTime, and tableType initialized from constructor" time="0.0" failure="false"/><testcase classname="jasmine" name="Eight Ball League Match should hold 5 different games" time="0.0" failure="false"/><testcase classname="jasmine" name="Eight Ball League Match should hold a home and away team numbers" time="0.0" failure="false"/><testcase classname="jasmine" name="Eight Ball League Match should keep scorecard team owners number" time="0.0" failure="false"/><testcase classname="jasmine" name="Eight Ball League Match should have the Start Time and End Time" time="0.0" failure="false"/><testcase classname="jasmine" name="Eight Ball League Match should be able to set each match and set the leagueMatchId for each" time="0.0" failure="false"/><testcase classname="jasmine" name="Eight Ball League Match should know when all of the matches have ended and the league match is complete" time="0.0" failure="false"/><testcase classname="jasmine" name="Eight Ball League Match should be able to get the home teams total match points" time="0.0" failure="true"><error type="expect.toEqual" message="Expected 0 to equal 5.">Expected 0 to equal 5.</error></testcase><testcase classname="jasmine" name="Eight Ball League Match should be able to get the away teams total match points" time="0.0" failure="true"><error type="expect.toEqual" message="Expected 0 to equal 5.Passed.">Expected 0 to equal 5.Passed.</error></testcase><testcase classname="jasmine" name="Eight Ball League Match should know if home team won the match" time="0.0" failure="true"><error type="expect.toEqual" message="Expected false to equal true.">Expected false to equal true.</error></testcase><testcase classname="jasmine" name="Eight Ball League Match should know if away team won the match" time="0.0" failure="true"><error type="expect.toEqual" message="Expected 0 to equal 5.Passed.Expected false to equal true.">Expected 0 to equal 5.Passed.Expected false to equal true.</error></testcase><testcase classname="jasmine" name="Eight Ball League Match should be able to get the winning team number if its the away team" time="0.0" failure="true"><error type="expect.toEqual" message="Expected '123' to equal '345'.">Expected '123' to equal '345'.</error></testcase><testcase classname="jasmine" name="Eight Ball League Match should be able to get the winning team number if it is the home team" time="0.0" failure="false"/><testcase classname="jasmine" name="Eight Ball League Match should be able to keep team names" time="0.0" failure="false"/><testcase classname="jasmine" name="Eight Ball League Match should be able to tell which team has signed the match" time="0.0" failure="false"/><testcase classname="jasmine" name="Eight Ball League Match toJSON/fromJSON should be able to take a new League Match and turn it into a JSON object" time="0.0" failure="true"><error type="expect.toEqual" message="Expected { matchOne : { player : { one : { name : 'Player1', rank : null, gamesNeededToWin : 0, number : '1', teamNumber : '123', gamesWon : 0, safeties : 0, eightOnSnaps : 0, breakAndRuns : 0, currentlyUp : true }, two : { name : 'Player2', rank : 2, gamesNeededToWin : 0, number : '2', teamNumber : '345', gamesWon : 0, safeties : 0, eightOnSnaps : 0, breakAndRuns : 0, currentlyUp : false } }, playerOneWon : 2, playerTwoWon : 0, currentGame : { playerOneTimeoutsTaken : 1, playerTwoTimeoutsTaken : 0, playerOneEightOnSnap : true, playerOneBreakAndRun : false, playerTwoEightOnSnap : false, playerTwoBreakAndRun : false, playerOneBallType : null, playerTwoBallType : null, playerOneEightBall : [ 8 ], playerTwoEightBall : [  ], playerOneWon : true, playerTwoWon : false, numberOfInnings : 0, earlyEight : false, scratchOnEight : false, breakingPlayerStillShooting : true, stripedBallsHitIn : [  ], solidBallsHitIn : [  ], lastBallHitIn : null, onBreak : true, ended : false }, completedGames : [ { playerOneTimeoutsTaken : 1, playerTwoTimeoutsTaken : 0, playerOneEightOnSnap : true, playerOneBreakAndRun : false, playerTwoEightOnSnap : false, playerTwoBreakAndRun : false, playerOneBallType : null, playerTwoBallType : null, playerOneEightBall : [ 8 ], playerTwoEightBall : [  ], playerOneWon : true, playerTwoWon : false, numberOfInnings : 0, earlyEight : false, scratchOnEight : false, breakingPlayerStillShooting : true, stripedBallsHitIn : [  ], solidBallsHitIn : [  ], lastBallHitIn : 8, onBreak : true, ended : true } ], suddenDeath : false, forfeit : false, ended : false, originalId : 0, leagueMatchId : 1 }, matchTwo : { player : { one : { name : 'Player1', rank : null, gamesNeededToWin : 0, number : '1', teamNumber : '123', gamesWon : 0, safeties : 0, eightOnSnaps : 0, breakAndRuns : 0, currentlyUp : true }, two : { name : 'Player2', rank : 2, gamesNeededToWin : 0, number : '2', teamNumber : '345', gamesWon : 0, safeties : 0, eightOnSnaps : 0, breakAndRuns : 0, currentlyUp : false } }, playerOneWon : 2, playerTwoWon : 0, currentGame : { playerOneTimeoutsTaken : 1, playerTwoTimeoutsTaken : 0, playerOneEightOnSnap : true, playerOneBreakAndRun : false, playerTwoEightOnSnap : false, playerTwoBreakAndRun : false, playerOneBallType : null, playerTwoBallType : null, playerOneEightBall : [ 8 ], playerTwoEightBall : [  ], playerOneWon : true, playerTwoWon : false, numberOfInnings : 0, earlyEight : false, scratchOnEight : false, breakingPlayerStillShooting : true, stripedBallsHitIn : [  ], solidBallsHitIn : [  ], lastBallHitIn : null, onBreak : true, ended : false }, completedGames : [ { playerOneTimeoutsTaken : 1, playerTwoTimeoutsTaken : 0, playerOneEightOnSnap : true, playerOneBreakAndRun : false, playerTwoEightOnSnap : false, playerTwoBreakAndRun : false, playerOneBallType : null, playerTwoBallType : null, playerOneEightBall : [ 8 ], playerTwoEightBall : [  ], playerOneWon : true, playerTwoWon : false, numberOfInnings : 0, earlyEight : false, scratchOnEight : false, breakingPlayerStillShooting : true, stripedBallsHitIn : [  ], solidBallsHitIn : [  ], lastBallHitIn : 8, onBreak : true, ended : true } ], suddenDeath : false, forfeit : false, ended : false, originalId : 0, leagueMatchId : 2 }, matchThree : { player : { one : { name : 'Player1', rank : null, gamesNeededToWin : 0, number : '1', teamNumber : '123', gamesWon : 0, safeties : 0, eightOnSnaps : 0, breakAndRuns : 0, currentlyUp : true }, two : { name : 'Player2', rank : 2, gamesNeededToWin : 0, number : '2', teamNumber : '345', gamesWon : 0, safeties : 0, eightOnSnaps : 0, breakAndRuns : 0, currentlyUp : false } }, playerOneWon : 2, playerTwoWon : 0, currentGame : { playerOneTimeoutsTaken : 1, playerTwoTimeoutsTaken : 0, playerOneEightOnSnap : true, playerOneBreakAndRun : false, playerTwoEightOnSnap : false, playerTwoBreakAndRun : false, playerOneBallType : null, playerTwoBallType : null, playerOneEightBall : [ 8 ], playerTwoEightBall : [  ], playerOneWon : true, playerTwoWon : false, numberOfInnings : 0, earlyEight : false, scratchOnEight : false, breakingPlayerStillShooting : true, stripedBallsHitIn : [  ], solidBallsHitIn : [  ], lastBallHitIn : null, onBreak : true, ended : false }, completedGames : [ { playerOneTimeoutsTaken : 1, playerTwoTimeoutsTaken : 0, playerOneEightOnSnap : true, playerOneBreakAndRun : false, playerTwoEightOnSnap : false, playerTwoBreakAndRun : false, playerOneBallType : null, playerTwoBallType : null, playerOneEightBall : [ 8 ], playerTwoEightBall : [  ], playerOneWon : true, playerTwoWon : false, numberOfInnings : 0, earlyEight : false, scratchOnEight : false, breakingPlayerStillShooting : true, stripedBallsHitIn : [  ], solidBallsHitIn : [  ], lastBallHitIn : 8, onBreak : true, ended : true } ], suddenDeath : false, forfeit : false, ended : false, originalId : 0, leagueMatchId : 3 }, matchFour : { player : { one : { name : 'Player1', rank : null, gamesNeededToWin : 0, number : '1', teamNumber : '123', gamesWon : 0, safeties : 0, eightOnSnaps : 0, breakAndRuns : 0, currentlyUp : true }, two : { name : 'Player2', rank : 2, gamesNeededToWin : 0, number : '2', teamNumber : '345', gamesWon : 0, safeties : 0, eightOnSnaps : 0, breakAndRuns : 0, currentlyUp : false } }, playerOneWon : 2, playerTwoWon : 0, currentGame : { playerOneTimeoutsTaken : 1, playerTwoTimeoutsTaken : 0, playerOneEightOnSnap : true, playerOneBreakAndRun : false, playerTwoEightOnSnap : false, playerTwoBreakAndRun : false, playerOneBallType : null, playerTwoBallType : null, playerOneEightBall : [ 8 ], playerTwoEightBall : [  ], playerOneWon : true, playerTwoWon : false, numberOfInnings : 0, earlyEight : false, scratchOnEight : false, breakingPlayerStillShooting : true, stripedBallsHitIn : [  ], solidBallsHitIn : [  ], lastBallHitIn : null, onBreak : true, ended : false }, completedGames : [ { playerOneTimeoutsTaken : 1, playerTwoTimeoutsTaken : 0, playerOneEightOnSnap : true, playerOneBreakAndRun : false, playerTwoEightOnSnap : false, playerTwoBreakAndRun : false, playerOneBallType : null, playerTwoBallType : null, playerOneEightBall : [ 8 ], playerTwoEightBall : [  ], playerOneWon : true, playerTwoWon : false, numberOfInnings : 0, earlyEight : false, scratchOnEight : false, breakingPlayerStillShooting : true, stripedBallsHitIn : [  ], solidBallsHitIn : [  ], lastBallHitIn : 8, onBreak : true, ended : true } ], suddenDeath : false, forfeit : false, ended : false, originalId : 0, leagueMatchId : 4 }, matchFive : { player : { one : { name : 'Player1', rank : null, gamesNeededToWin : 0, number : '1', teamNumber : '123', gamesWon : 0, safeties : 0, eightOnSnaps : 0, breakAndRuns : 0, currentlyUp : true }, two : { name : 'Player2', rank : 2, gamesNeededToWin : 0, number : '2', teamNumber : '345', gamesWon : 0, safeties : 0, eightOnSnaps : 0, breakAndRuns : 0, currentlyUp : false } }, playerOneWon : 2, playerTwoWon : 0, currentGame : { playerOneTimeoutsTaken : 1, playerTwoTimeoutsTaken : 0, playerOneEightOnSnap : true, playerOneBreakAndRun : false, playerTwoEightOnSnap : false, playerTwoBreakAndRun : false, playerOneBallType : null, playerTwoBallType : null, playerOneEightBall : [ 8 ], playerTwoEightBall : [  ], playerOneWon : true, playerTwoWon : false, numberOfInnings : 0, earlyEight : false, scratchOnEight : false, breakingPlayerStillShooting : true, stripedBallsHitIn : [  ], solidBallsHitIn : [  ], lastBallHitIn : null, onBreak : true, ended : false }, completedGames : [ { playerOneTimeoutsTaken : 1, playerTwoTimeoutsTaken : 0, playerOneEightOnSnap : true, playerOneBreakAndRun : false, playerTwoEightOnSnap : false, playerTwoBreakAndRun : false, playerOneBallType : null, playerTwoBallType : null, playerOneEightBall : [ 8 ], playerTwoEightBall : [  ], playerOneWon : true, playerTwoWon : false, numberOfInnings : 0, earlyEight : false, scratchOnEight : false, breakingPlayerStillShooting : true, stripedBallsHitIn : [  ], solidBallsHitIn : [  ], lastBallHitIn : 8, onBreak : true, ended : true } ], suddenDeath : false, forfeit : false, ended : false, originalId : 0, leagueMatchId : 5 }, teamNumber : '', homeTeamNumber : '123', awayTeamNumber : '345', startTime : '10:00 pm', endTime : '', tableType : 'Coin-Operated', leagueMatchId : 0 } to equal { matchOne : { player : { one : { name : 'Player1', rank : null, gamesNeededToWin : 0, number : '1', teamNumber : '123', gamesWon : 0, safeties : 0, eightOnSnaps : 0, breakAndRuns : 0, currentlyUp : true }, two : { name : 'Player2', rank : 2, gamesNeededToWin : 0, number : '2', teamNumber : '345', gamesWon : 0, safeties : 0, eightOnSnaps : 0, breakAndRuns : 0, currentlyUp : false } }, playerOneWon : 0, playerTwoWon : 0, currentGame : { playerOneTimeoutsTaken : 0, playerTwoTimeoutsTaken : 0, playerOneEightOnSnap : true, playerOneBreakAndRun : false, playerTwoEightOnSnap : false, playerTwoBreakAndRun : false, playerOneBallType : null, playerTwoBallType : null, playerOneEightBall : [ 8 ], playerTwoEightBall : [  ], playerOneWon : true, playerTwoWon : false, numberOfInnings : 0, earlyEight : false, scratchOnEight : false, breakingPlayerStillShooting : true, stripedBallsHitIn : [  ], solidBallsHitIn : [  ], lastBallHitIn : null, onBreak : true, ended : false }, completedGames : [ { playerOneTimeoutsTaken : 0, playerTwoTimeoutsTaken : 0, playerOneEightOnSnap : true, playerOneBreakAndRun : false, playerTwoEightOnSnap : false, playerTwoBreakAndRun : false, playerOneBallType : null, playerTwoBallType : null, playerOneEightBall : [ 8 ], playerTwoEightBall : [  ], playerOneWon : true, playerTwoWon : false, numberOfInnings : 0, earlyEight : false, scratchOnEight : false, breakingPlayerStillShooting : true, stripedBallsHitIn : [  ], solidBallsHitIn : [  ], lastBallHitIn : 8, onBreak : true, ended : true } ], suddenDeath : false, forfeit : false, ended : false, originalId : 0, leagueMatchId : 1 }, matchTwo : { player : { one : { name : 'Player1', rank : null, gamesNeededToWin : 0, number : '1', teamNumber : '123', gamesWon : 0, safeties : 0, eightOnSnaps : 0, breakAndRuns : 0, currentlyUp : true }, two : { name : 'Player2', rank : 2, gamesNeededToWin : 0, number : '2', teamNumber : '345', gamesWon : 0, safeties : 0, eightOnSnaps : 0, breakAndRuns : 0, currentlyUp : false } }, playerOneWon : 0, playerTwoWon : 0, currentGame : { playerOneTimeoutsTaken : 0, playerTwoTimeoutsTaken : 0, playerOneEightOnSnap : true, playerOneBreakAndRun : false, playerTwoEightOnSnap : false, playerTwoBreakAndRun : false, playerOneBallType : null, playerTwoBallType : null, playerOneEightBall : [ 8 ], playerTwoEightBall : [  ], playerOneWon : true, playerTwoWon : false, numberOfInnings : 0, earlyEight : false, scratchOnEight : false, breakingPlayerStillShooting : true, stripedBallsHitIn : [  ], solidBallsHitIn : [  ], lastBallHitIn : null, onBreak : true, ended : false }, completedGames : [ { playerOneTimeoutsTaken : 0, playerTwoTimeoutsTaken : 0, playerOneEightOnSnap : true, playerOneBreakAndRun : false, playerTwoEightOnSnap : false, playerTwoBreakAndRun : false, playerOneBallType : null, playerTwoBallType : null, playerOneEightBall : [ 8 ], playerTwoEightBall : [  ], playerOneWon : true, playerTwoWon : false, numberOfInnings : 0, earlyEight : false, scratchOnEight : false, breakingPlayerStillShooting : true, stripedBallsHitIn : [  ], solidBallsHitIn : [  ], lastBallHitIn : 8, onBreak : true, ended : true } ], suddenDeath : false, forfeit : false, ended : false, originalId : 0, leagueMatchId : 2 }, matchThree : { player : { one : { name : 'Player1', rank : null, gamesNeededToWin : 0, number : '1', teamNumber : '123', gamesWon : 0, safeties : 0, eightOnSnaps : 0, breakAndRuns : 0, currentlyUp : true }, two : { name : 'Player2', rank : 2, gamesNeededToWin : 0, number : '2', teamNumber : '345', gamesWon : 0, safeties : 0, eightOnSnaps : 0, breakAndRuns : 0, currentlyUp : false } }, playerOneWon : 0, playerTwoWon : 0, currentGame : { playerOneTimeoutsTaken : 0, playerTwoTimeoutsTaken : 0, playerOneEightOnSnap : true, playerOneBreakAndRun : false, playerTwoEightOnSnap : false, playerTwoBreakAndRun : false, playerOneBallType : null, playerTwoBallType : null, playerOneEightBall : [ 8 ], playerTwoEightBall : [  ], playerOneWon : true, playerTwoWon : false, numberOfInnings : 0, earlyEight : false, scratchOnEight : false, breakingPlayerStillShooting : true, stripedBallsHitIn : [  ], solidBallsHitIn : [  ], lastBallHitIn : null, onBreak : true, ended : false }, completedGames : [ { playerOneTimeoutsTaken : 0, playerTwoTimeoutsTaken : 0, playerOneEightOnSnap : true, playerOneBreakAndRun : false, playerTwoEightOnSnap : false, playerTwoBreakAndRun : false, playerOneBallType : null, playerTwoBallType : null, playerOneEightBall : [ 8 ], playerTwoEightBall : [  ], playerOneWon : true, playerTwoWon : false, numberOfInnings : 0, earlyEight : false, scratchOnEight : false, breakingPlayerStillShooting : true, stripedBallsHitIn : [  ], solidBallsHitIn : [  ], lastBallHitIn : 8, onBreak : true, ended : true } ], suddenDeath : false, forfeit : false, ended : false, originalId : 0, leagueMatchId : 3 }, matchFour : { player : { one : { name : 'Player1', rank : null, gamesNeededToWin : 0, number : '1', teamNumber : '123', gamesWon : 0, safeties : 0, eightOnSnaps : 0, breakAndRuns : 0, currentlyUp : true }, two : { name : 'Player2', rank : 2, gamesNeededToWin : 0, number : '2', teamNumber : '345', gamesWon : 0, safeties : 0, eightOnSnaps : 0, breakAndRuns : 0, currentlyUp : false } }, playerOneWon : 0, playerTwoWon : 0, currentGame : { playerOneTimeoutsTaken : 0, playerTwoTimeoutsTaken : 0, playerOneEightOnSnap : true, playerOneBreakAndRun : false, playerTwoEightOnSnap : false, playerTwoBreakAndRun : false, playerOneBallType : null, playerTwoBallType : null, playerOneEightBall : [ 8 ], playerTwoEightBall : [  ], playerOneWon : true, playerTwoWon : false, numberOfInnings : 0, earlyEight : false, scratchOnEight : false, breakingPlayerStillShooting : true, stripedBallsHitIn : [  ], solidBallsHitIn : [  ], lastBallHitIn : null, onBreak : true, ended : false }, completedGames : [ { playerOneTimeoutsTaken : 0, playerTwoTimeoutsTaken : 0, playerOneEightOnSnap : true, playerOneBreakAndRun : false, playerTwoEightOnSnap : false, playerTwoBreakAndRun : false, playerOneBallType : null, playerTwoBallType : null, playerOneEightBall : [ 8 ], playerTwoEightBall : [  ], playerOneWon : true, playerTwoWon : false, numberOfInnings : 0, earlyEight : false, scratchOnEight : false, breakingPlayerStillShooting : true, stripedBallsHitIn : [  ], solidBallsHitIn : [  ], lastBallHitIn : 8, onBreak : true, ended : true } ], suddenDeath : false, forfeit : false, ended : false, originalId : 0, leagueMatchId : 4 }, matchFive : { player : { one : { name : 'Player1', rank : null, gamesNeededToWin : 0, number : '1', teamNumber : '123', gamesWon : 0, safeties : 0, eightOnSnaps : 0, breakAndRuns : 0, currentlyUp : true }, two : { name : 'Player2', rank : 2, gamesNeededToWin : 0, number : '2', teamNumber : '345', gamesWon : 0, safeties : 0, eightOnSnaps : 0, breakAndRuns : 0, currentlyUp : false } }, playerOneWon : 0, playerTwoWon : 0, currentGame : { playerOneTimeoutsTaken : 0, playerTwoTimeoutsTaken : 0, playerOneEightOnSnap : true, playerOneBreakAndRun : false, playerTwoEightOnSnap : false, playerTwoBreakAndRun : false, playerOneBallType : null, playerTwoBallType : null, playerOneEightBall : [ 8 ], playerTwoEightBall : [  ], playerOneWon : true, playerTwoWon : false, numberOfInnings : 0, earlyEight : false, scratchOnEight : false, breakingPlayerStillShooting : true, stripedBallsHitIn : [  ], solidBallsHitIn : [  ], lastBallHitIn : null, onBreak : true, ended : false }, completedGames : [ { playerOneTimeoutsTaken : 0, playerTwoTimeoutsTaken : 0, playerOneEightOnSnap : true, playerOneBreakAndRun : false, playerTwoEightOnSnap : false, playerTwoBreakAndRun : false, playerOneBallType : null, playerTwoBallType : null, playerOneEightBall : [ 8 ], playerTwoEightBall : [  ], playerOneWon : true, playerTwoWon : false, numberOfInnings : 0, earlyEight : false, scratchOnEight : false, breakingPlayerStillShooting : true, stripedBallsHitIn : [  ], solidBallsHitIn : [  ], lastBallHitIn : 8, onBreak : true, ended : true } ], suddenDeath : false, forfeit : false, ended : false, originalId : 0, leagueMatchId : 5 }, teamNumber : '', homeTeamNumber : '123', awayTeamNumber : '345', startTime : '10: 00pm', endTime : '', tableType : 'Coin-Operated', leagueMatchId : 0 }.">Expected { matchOne : { player : { one : { name : 'Player1', rank : null, gamesNeededToWin : 0, number : '1', teamNumber : '123', gamesWon : 0, safeties : 0, eightOnSnaps : 0, breakAndRuns : 0, currentlyUp : true }, two : { name : 'Player2', rank : 2, gamesNeededToWin : 0, number : '2', teamNumber : '345', gamesWon : 0, safeties : 0, eightOnSnaps : 0, breakAndRuns : 0, currentlyUp : false } }, playerOneWon : 2, playerTwoWon : 0, currentGame : { playerOneTimeoutsTaken : 1, playerTwoTimeoutsTaken : 0, playerOneEightOnSnap : true, playerOneBreakAndRun : false, playerTwoEightOnSnap : false, playerTwoBreakAndRun : false, playerOneBallType : null, playerTwoBallType : null, playerOneEightBall : [ 8 ], playerTwoEightBall : [  ], playerOneWon : true, playerTwoWon : false, numberOfInnings : 0, earlyEight : false, scratchOnEight : false, breakingPlayerStillShooting : true, stripedBallsHitIn : [  ], solidBallsHitIn : [  ], lastBallHitIn : null, onBreak : true, ended : false }, completedGames : [ { playerOneTimeoutsTaken : 1, playerTwoTimeoutsTaken : 0, playerOneEightOnSnap : true, playerOneBreakAndRun : false, playerTwoEightOnSnap : false, playerTwoBreakAndRun : false, playerOneBallType : null, playerTwoBallType : null, playerOneEightBall : [ 8 ], playerTwoEightBall : [  ], playerOneWon : true, playerTwoWon : false, numberOfInnings : 0, earlyEight : false, scratchOnEight : false, breakingPlayerStillShooting : true, stripedBallsHitIn : [  ], solidBallsHitIn : [  ], lastBallHitIn : 8, onBreak : true, ended : true } ], suddenDeath : false, forfeit : false, ended : false, originalId : 0, leagueMatchId : 1 }, matchTwo : { player : { one : { name : 'Player1', rank : null, gamesNeededToWin : 0, number : '1', teamNumber : '123', gamesWon : 0, safeties : 0, eightOnSnaps : 0, breakAndRuns : 0, currentlyUp : true }, two : { name : 'Player2', rank : 2, gamesNeededToWin : 0, number : '2', teamNumber : '345', gamesWon : 0, safeties : 0, eightOnSnaps : 0, breakAndRuns : 0, currentlyUp : false } }, playerOneWon : 2, playerTwoWon : 0, currentGame : { playerOneTimeoutsTaken : 1, playerTwoTimeoutsTaken : 0, playerOneEightOnSnap : true, playerOneBreakAndRun : false, playerTwoEightOnSnap : false, playerTwoBreakAndRun : false, playerOneBallType : null, playerTwoBallType : null, playerOneEightBall : [ 8 ], playerTwoEightBall : [  ], playerOneWon : true, playerTwoWon : false, numberOfInnings : 0, earlyEight : false, scratchOnEight : false, breakingPlayerStillShooting : true, stripedBallsHitIn : [  ], solidBallsHitIn : [  ], lastBallHitIn : null, onBreak : true, ended : false }, completedGames : [ { playerOneTimeoutsTaken : 1, playerTwoTimeoutsTaken : 0, playerOneEightOnSnap : true, playerOneBreakAndRun : false, playerTwoEightOnSnap : false, playerTwoBreakAndRun : false, playerOneBallType : null, playerTwoBallType : null, playerOneEightBall : [ 8 ], playerTwoEightBall : [  ], playerOneWon : true, playerTwoWon : false, numberOfInnings : 0, earlyEight : false, scratchOnEight : false, breakingPlayerStillShooting : true, stripedBallsHitIn : [  ], solidBallsHitIn : [  ], lastBallHitIn : 8, onBreak : true, ended : true } ], suddenDeath : false, forfeit : false, ended : false, originalId : 0, leagueMatchId : 2 }, matchThree : { player : { one : { name : 'Player1', rank : null, gamesNeededToWin : 0, number : '1', teamNumber : '123', gamesWon : 0, safeties : 0, eightOnSnaps : 0, breakAndRuns : 0, currentlyUp : true }, two : { name : 'Player2', rank : 2, gamesNeededToWin : 0, number : '2', teamNumber : '345', gamesWon : 0, safeties : 0, eightOnSnaps : 0, breakAndRuns : 0, currentlyUp : false } }, playerOneWon : 2, playerTwoWon : 0, currentGame : { playerOneTimeoutsTaken : 1, playerTwoTimeoutsTaken : 0, playerOneEightOnSnap : true, playerOneBreakAndRun : false, playerTwoEightOnSnap : false, playerTwoBreakAndRun : false, playerOneBallType : null, playerTwoBallType : null, playerOneEightBall : [ 8 ], playerTwoEightBall : [  ], playerOneWon : true, playerTwoWon : false, numberOfInnings : 0, earlyEight : false, scratchOnEight : false, breakingPlayerStillShooting : true, stripedBallsHitIn : [  ], solidBallsHitIn : [  ], lastBallHitIn : null, onBreak : true, ended : false }, completedGames : [ { playerOneTimeoutsTaken : 1, playerTwoTimeoutsTaken : 0, playerOneEightOnSnap : true, playerOneBreakAndRun : false, playerTwoEightOnSnap : false, playerTwoBreakAndRun : false, playerOneBallType : null, playerTwoBallType : null, playerOneEightBall : [ 8 ], playerTwoEightBall : [  ], playerOneWon : true, playerTwoWon : false, numberOfInnings : 0, earlyEight : false, scratchOnEight : false, breakingPlayerStillShooting : true, stripedBallsHitIn : [  ], solidBallsHitIn : [  ], lastBallHitIn : 8, onBreak : true, ended : true } ], suddenDeath : false, forfeit : false, ended : false, originalId : 0, leagueMatchId : 3 }, matchFour : { player : { one : { name : 'Player1', rank : null, gamesNeededToWin : 0, number : '1', teamNumber : '123', gamesWon : 0, safeties : 0, eightOnSnaps : 0, breakAndRuns : 0, currentlyUp : true }, two : { name : 'Player2', rank : 2, gamesNeededToWin : 0, number : '2', teamNumber : '345', gamesWon : 0, safeties : 0, eightOnSnaps : 0, breakAndRuns : 0, currentlyUp : false } }, playerOneWon : 2, playerTwoWon : 0, currentGame : { playerOneTimeoutsTaken : 1, playerTwoTimeoutsTaken : 0, playerOneEightOnSnap : true, playerOneBreakAndRun : false, playerTwoEightOnSnap : false, playerTwoBreakAndRun : false, playerOneBallType : null, playerTwoBallType : null, playerOneEightBall : [ 8 ], playerTwoEightBall : [  ], playerOneWon : true, playerTwoWon : false, numberOfInnings : 0, earlyEight : false, scratchOnEight : false, breakingPlayerStillShooting : true, stripedBallsHitIn : [  ], solidBallsHitIn : [  ], lastBallHitIn : null, onBreak : true, ended : false }, completedGames : [ { playerOneTimeoutsTaken : 1, playerTwoTimeoutsTaken : 0, playerOneEightOnSnap : true, playerOneBreakAndRun : false, playerTwoEightOnSnap : false, playerTwoBreakAndRun : false, playerOneBallType : null, playerTwoBallType : null, playerOneEightBall : [ 8 ], playerTwoEightBall : [  ], playerOneWon : true, playerTwoWon : false, numberOfInnings : 0, earlyEight : false, scratchOnEight : false, breakingPlayerStillShooting : true, stripedBallsHitIn : [  ], solidBallsHitIn : [  ], lastBallHitIn : 8, onBreak : true, ended : true } ], suddenDeath : false, forfeit : false, ended : false, originalId : 0, leagueMatchId : 4 }, matchFive : { player : { one : { name : 'Player1', rank : null, gamesNeededToWin : 0, number : '1', teamNumber : '123', gamesWon : 0, safeties : 0, eightOnSnaps : 0, breakAndRuns : 0, currentlyUp : true }, two : { name : 'Player2', rank : 2, gamesNeededToWin : 0, number : '2', teamNumber : '345', gamesWon : 0, safeties : 0, eightOnSnaps : 0, breakAndRuns : 0, currentlyUp : false } }, playerOneWon : 2, playerTwoWon : 0, currentGame : { playerOneTimeoutsTaken : 1, playerTwoTimeoutsTaken : 0, playerOneEightOnSnap : true, playerOneBreakAndRun : false, playerTwoEightOnSnap : false, playerTwoBreakAndRun : false, playerOneBallType : null, playerTwoBallType : null, playerOneEightBall : [ 8 ], playerTwoEightBall : [  ], playerOneWon : true, playerTwoWon : false, numberOfInnings : 0, earlyEight : false, scratchOnEight : false, breakingPlayerStillShooting : true, stripedBallsHitIn : [  ], solidBallsHitIn : [  ], lastBallHitIn : null, onBreak : true, ended : false }, completedGames : [ { playerOneTimeoutsTaken : 1, playerTwoTimeoutsTaken : 0, playerOneEightOnSnap : true, playerOneBreakAndRun : false, playerTwoEightOnSnap : false, playerTwoBreakAndRun : false, playerOneBallType : null, playerTwoBallType : null, playerOneEightBall : [ 8 ], playerTwoEightBall : [  ], playerOneWon : true, playerTwoWon : false, numberOfInnings : 0, earlyEight : false, scratchOnEight : false, breakingPlayerStillShooting : true, stripedBallsHitIn : [  ], solidBallsHitIn : [  ], lastBallHitIn : 8, onBreak : true, ended : true } ], suddenDeath : false, forfeit : false, ended : false, originalId : 0, leagueMatchId : 5 }, teamNumber : '', homeTeamNumber : '123', awayTeamNumber : '345', startTime : '10:00 pm', endTime : '', tableType : 'Coin-Operated', leagueMatchId : 0 } to equal { matchOne : { player : { one : { name : 'Player1', rank : null, gamesNeededToWin : 0, number : '1', teamNumber : '123', gamesWon : 0, safeties : 0, eightOnSnaps : 0, breakAndRuns : 0, currentlyUp : true }, two : { name : 'Player2', rank : 2, gamesNeededToWin : 0, number : '2', teamNumber : '345', gamesWon : 0, safeties : 0, eightOnSnaps : 0, breakAndRuns : 0, currentlyUp : false } }, playerOneWon : 0, playerTwoWon : 0, currentGame : { playerOneTimeoutsTaken : 0, playerTwoTimeoutsTaken : 0, playerOneEightOnSnap : true, playerOneBreakAndRun : false, playerTwoEightOnSnap : false, playerTwoBreakAndRun : false, playerOneBallType : null, playerTwoBallType : null, playerOneEightBall : [ 8 ], playerTwoEightBall : [  ], playerOneWon : true, playerTwoWon : false, numberOfInnings : 0, earlyEight : false, scratchOnEight : false, breakingPlayerStillShooting : true, stripedBallsHitIn : [  ], solidBallsHitIn : [  ], lastBallHitIn : null, onBreak : true, ended : false }, completedGames : [ { playerOneTimeoutsTaken : 0, playerTwoTimeoutsTaken : 0, playerOneEightOnSnap : true, playerOneBreakAndRun : false, playerTwoEightOnSnap : false, playerTwoBreakAndRun : false, playerOneBallType : null, playerTwoBallType : null, playerOneEightBall : [ 8 ], playerTwoEightBall : [  ], playerOneWon : true, playerTwoWon : false, numberOfInnings : 0, earlyEight : false, scratchOnEight : false, breakingPlayerStillShooting : true, stripedBallsHitIn : [  ], solidBallsHitIn : [  ], lastBallHitIn : 8, onBreak : true, ended : true } ], suddenDeath : false, forfeit : false, ended : false, originalId : 0, leagueMatchId : 1 }, matchTwo : { player : { one : { name : 'Player1', rank : null, gamesNeededToWin : 0, number : '1', teamNumber : '123', gamesWon : 0, safeties : 0, eightOnSnaps : 0, breakAndRuns : 0, currentlyUp : true }, two : { name : 'Player2', rank : 2, gamesNeededToWin : 0, number : '2', teamNumber : '345', gamesWon : 0, safeties : 0, eightOnSnaps : 0, breakAndRuns : 0, currentlyUp : false } }, playerOneWon : 0, playerTwoWon : 0, currentGame : { playerOneTimeoutsTaken : 0, playerTwoTimeoutsTaken : 0, playerOneEightOnSnap : true, playerOneBreakAndRun : false, playerTwoEightOnSnap : false, playerTwoBreakAndRun : false, playerOneBallType : null, playerTwoBallType : null, playerOneEightBall : [ 8 ], playerTwoEightBall : [  ], playerOneWon : true, playerTwoWon : false, numberOfInnings : 0, earlyEight : false, scratchOnEight : false, breakingPlayerStillShooting : true, stripedBallsHitIn : [  ], solidBallsHitIn : [  ], lastBallHitIn : null, onBreak : true, ended : false }, completedGames : [ { playerOneTimeoutsTaken : 0, playerTwoTimeoutsTaken : 0, playerOneEightOnSnap : true, playerOneBreakAndRun : false, playerTwoEightOnSnap : false, playerTwoBreakAndRun : false, playerOneBallType : null, playerTwoBallType : null, playerOneEightBall : [ 8 ], playerTwoEightBall : [  ], playerOneWon : true, playerTwoWon : false, numberOfInnings : 0, earlyEight : false, scratchOnEight : false, breakingPlayerStillShooting : true, stripedBallsHitIn : [  ], solidBallsHitIn : [  ], lastBallHitIn : 8, onBreak : true, ended : true } ], suddenDeath : false, forfeit : false, ended : false, originalId : 0, leagueMatchId : 2 }, matchThree : { player : { one : { name : 'Player1', rank : null, gamesNeededToWin : 0, number : '1', teamNumber : '123', gamesWon : 0, safeties : 0, eightOnSnaps : 0, breakAndRuns : 0, currentlyUp : true }, two : { name : 'Player2', rank : 2, gamesNeededToWin : 0, number : '2', teamNumber : '345', gamesWon : 0, safeties : 0, eightOnSnaps : 0, breakAndRuns : 0, currentlyUp : false } }, playerOneWon : 0, playerTwoWon : 0, currentGame : { playerOneTimeoutsTaken : 0, playerTwoTimeoutsTaken : 0, playerOneEightOnSnap : true, playerOneBreakAndRun : false, playerTwoEightOnSnap : false, playerTwoBreakAndRun : false, playerOneBallType : null, playerTwoBallType : null, playerOneEightBall : [ 8 ], playerTwoEightBall : [  ], playerOneWon : true, playerTwoWon : false, numberOfInnings : 0, earlyEight : false, scratchOnEight : false, breakingPlayerStillShooting : true, stripedBallsHitIn : [  ], solidBallsHitIn : [  ], lastBallHitIn : null, onBreak : true, ended : false }, completedGames : [ { playerOneTimeoutsTaken : 0, playerTwoTimeoutsTaken : 0, playerOneEightOnSnap : true, playerOneBreakAndRun : false, playerTwoEightOnSnap : false, playerTwoBreakAndRun : false, playerOneBallType : null, playerTwoBallType : null, playerOneEightBall : [ 8 ], playerTwoEightBall : [  ], playerOneWon : true, playerTwoWon : false, numberOfInnings : 0, earlyEight : false, scratchOnEight : false, breakingPlayerStillShooting : true, stripedBallsHitIn : [  ], solidBallsHitIn : [  ], lastBallHitIn : 8, onBreak : true, ended : true } ], suddenDeath : false, forfeit : false, ended : false, originalId : 0, leagueMatchId : 3 }, matchFour : { player : { one : { name : 'Player1', rank : null, gamesNeededToWin : 0, number : '1', teamNumber : '123', gamesWon : 0, safeties : 0, eightOnSnaps : 0, breakAndRuns : 0, currentlyUp : true }, two : { name : 'Player2', rank : 2, gamesNeededToWin : 0, number : '2', teamNumber : '345', gamesWon : 0, safeties : 0, eightOnSnaps : 0, breakAndRuns : 0, currentlyUp : false } }, playerOneWon : 0, playerTwoWon : 0, currentGame : { playerOneTimeoutsTaken : 0, playerTwoTimeoutsTaken : 0, playerOneEightOnSnap : true, playerOneBreakAndRun : false, playerTwoEightOnSnap : false, playerTwoBreakAndRun : false, playerOneBallType : null, playerTwoBallType : null, playerOneEightBall : [ 8 ], playerTwoEightBall : [  ], playerOneWon : true, playerTwoWon : false, numberOfInnings : 0, earlyEight : false, scratchOnEight : false, breakingPlayerStillShooting : true, stripedBallsHitIn : [  ], solidBallsHitIn : [  ], lastBallHitIn : null, onBreak : true, ended : false }, completedGames : [ { playerOneTimeoutsTaken : 0, playerTwoTimeoutsTaken : 0, playerOneEightOnSnap : true, playerOneBreakAndRun : false, playerTwoEightOnSnap : false, playerTwoBreakAndRun : false, playerOneBallType : null, playerTwoBallType : null, playerOneEightBall : [ 8 ], playerTwoEightBall : [  ], playerOneWon : true, playerTwoWon : false, numberOfInnings : 0, earlyEight : false, scratchOnEight : false, breakingPlayerStillShooting : true, stripedBallsHitIn : [  ], solidBallsHitIn : [  ], lastBallHitIn : 8, onBreak : true, ended : true } ], suddenDeath : false, forfeit : false, ended : false, originalId : 0, leagueMatchId : 4 }, matchFive : { player : { one : { name : 'Player1', rank : null, gamesNeededToWin : 0, number : '1', teamNumber : '123', gamesWon : 0, safeties : 0, eightOnSnaps : 0, breakAndRuns : 0, currentlyUp : true }, two : { name : 'Player2', rank : 2, gamesNeededToWin : 0, number : '2', teamNumber : '345', gamesWon : 0, safeties : 0, eightOnSnaps : 0, breakAndRuns : 0, currentlyUp : false } }, playerOneWon : 0, playerTwoWon : 0, currentGame : { playerOneTimeoutsTaken : 0, playerTwoTimeoutsTaken : 0, playerOneEightOnSnap : true, playerOneBreakAndRun : false, playerTwoEightOnSnap : false, playerTwoBreakAndRun : false, playerOneBallType : null, playerTwoBallType : null, playerOneEightBall : [ 8 ], playerTwoEightBall : [  ], playerOneWon : true, playerTwoWon : false, numberOfInnings : 0, earlyEight : false, scratchOnEight : false, breakingPlayerStillShooting : true, stripedBallsHitIn : [  ], solidBallsHitIn : [  ], lastBallHitIn : null, onBreak : true, ended : false }, completedGames : [ { playerOneTimeoutsTaken : 0, playerTwoTimeoutsTaken : 0, playerOneEightOnSnap : true, playerOneBreakAndRun : false, playerTwoEightOnSnap : false, playerTwoBreakAndRun : false, playerOneBallType : null, playerTwoBallType : null, playerOneEightBall : [ 8 ], playerTwoEightBall : [  ], playerOneWon : true, playerTwoWon : false, numberOfInnings : 0, earlyEight : false, scratchOnEight : false, breakingPlayerStillShooting : true, stripedBallsHitIn : [  ], solidBallsHitIn : [  ], lastBallHitIn : 8, onBreak : true, ended : true } ], suddenDeath : false, forfeit : false, ended : false, originalId : 0, leagueMatchId : 5 }, teamNumber : '', homeTeamNumber : '123', awayTeamNumber : '345', startTime : '10: 00pm', endTime : '', tableType : 'Coin-Operated', leagueMatchId : 0 }.</error></testcase><testcase classname="jasmine" name="Eight Ball League Match toJSON/fromJSON should be able to take a new League Match and turn it into a small JSON object" time="0.0" failure="true"><error type="expect.toEqual" message="Expected { teamNumber : '', homeTeamNumber : '123', awayTeamNumber : '345', startTime : '10:00 pm', endTime : '', tableType : 'Coin-Operated', leagueMatchId : 0 } to equal { teamNumber : '', homeTeamNumber : '123', awayTeamNumber : '345', startTime : '10:00 pm', endTime : '', tableType : 'Coin-Operated', leagueMatchId : 1 }.">Expected { teamNumber : '', homeTeamNumber : '123', awayTeamNumber : '345', startTime : '10:00 pm', endTime : '', tableType : 'Coin-Operated', leagueMatchId : 0 } to equal { teamNumber : '', homeTeamNumber : '123', awayTeamNumber : '345', startTime : '10:00 pm', endTime : '', tableType : 'Coin-Operated', leagueMatchId : 1 }.</error></testcase><testcase classname="jasmine" name="Eight Ball League Match toJSON/fromJSON should be able to set SmallJSON = true to return only the small JSON object when toJSON is called." time="0.0" failure="true"><error type="expect.toEqual" message="Expected { matchOne : { player : { one : { name : 'Player1', rank : null, gamesNeededToWin : 0, number : '1', teamNumber : '123', gamesWon : 0, safeties : 0, eightOnSnaps : 0, breakAndRuns : 0, currentlyUp : true }, two : { name : 'Player2', rank : 2, gamesNeededToWin : 0, number : '2', teamNumber : '345', gamesWon : 0, safeties : 0, eightOnSnaps : 0, breakAndRuns : 0, currentlyUp : false } }, playerOneWon : 2, playerTwoWon : 0, currentGame : { playerOneTimeoutsTaken : 1, playerTwoTimeoutsTaken : 0, playerOneEightOnSnap : true, playerOneBreakAndRun : false, playerTwoEightOnSnap : false, playerTwoBreakAndRun : false, playerOneBallType : null, playerTwoBallType : null, playerOneEightBall : [ 8 ], playerTwoEightBall : [  ], playerOneWon : true, playerTwoWon : false, numberOfInnings : 0, earlyEight : false, scratchOnEight : false, breakingPlayerStillShooting : true, stripedBallsHitIn : [  ], solidBallsHitIn : [  ], lastBallHitIn : null, onBreak : true, ended : false }, completedGames : [ { playerOneTimeoutsTaken : 1, playerTwoTimeoutsTaken : 0, playerOneEightOnSnap : true, playerOneBreakAndRun : false, playerTwoEightOnSnap : false, playerTwoBreakAndRun : false, playerOneBallType : null, playerTwoBallType : null, playerOneEightBall : [ 8 ], playerTwoEightBall : [  ], playerOneWon : true, playerTwoWon : false, numberOfInnings : 0, earlyEight : false, scratchOnEight : false, breakingPlayerStillShooting : true, stripedBallsHitIn : [  ], solidBallsHitIn : [  ], lastBallHitIn : 8, onBreak : true, ended : true } ], suddenDeath : false, forfeit : false, ended : false, originalId : 0, leagueMatchId : 1 }, matchTwo : { player : { one : { name : 'Player1', rank : null, gamesNeededToWin : 0, number : '1', teamNumber : '123', gamesWon : 0, safeties : 0, eightOnSnaps : 0, breakAndRuns : 0, currentlyUp : true }, two : { name : 'Player2', rank : 2, gamesNeededToWin : 0, number : '2', teamNumber : '345', gamesWon : 0, safeties : 0, eightOnSnaps : 0, breakAndRuns : 0, currentlyUp : false } }, playerOneWon : 2, playerTwoWon : 0, currentGame : { playerOneTimeoutsTaken : 1, playerTwoTimeoutsTaken : 0, playerOneEightOnSnap : true, playerOneBreakAndRun : false, playerTwoEightOnSnap : false, playerTwoBreakAndRun : false, playerOneBallType : null, playerTwoBallType : null, playerOneEightBall : [ 8 ], playerTwoEightBall : [  ], playerOneWon : true, playerTwoWon : false, numberOfInnings : 0, earlyEight : false, scratchOnEight : false, breakingPlayerStillShooting : true, stripedBallsHitIn : [  ], solidBallsHitIn : [  ], lastBallHitIn : null, onBreak : true, ended : false }, completedGames : [ { playerOneTimeoutsTaken : 1, playerTwoTimeoutsTaken : 0, playerOneEightOnSnap : true, playerOneBreakAndRun : false, playerTwoEightOnSnap : false, playerTwoBreakAndRun : false, playerOneBallType : null, playerTwoBallType : null, playerOneEightBall : [ 8 ], playerTwoEightBall : [  ], playerOneWon : true, playerTwoWon : false, numberOfInnings : 0, earlyEight : false, scratchOnEight : false, breakingPlayerStillShooting : true, stripedBallsHitIn : [  ], solidBallsHitIn : [  ], lastBallHitIn : 8, onBreak : true, ended : true } ], suddenDeath : false, forfeit : false, ended : false, originalId : 0, leagueMatchId : 2 }, matchThree : { player : { one : { name : 'Player1', rank : null, gamesNeededToWin : 0, number : '1', teamNumber : '123', gamesWon : 0, safeties : 0, eightOnSnaps : 0, breakAndRuns : 0, currentlyUp : true }, two : { name : 'Player2', rank : 2, gamesNeededToWin : 0, number : '2', teamNumber : '345', gamesWon : 0, safeties : 0, eightOnSnaps : 0, breakAndRuns : 0, currentlyUp : false } }, playerOneWon : 2, playerTwoWon : 0, currentGame : { playerOneTimeoutsTaken : 1, playerTwoTimeoutsTaken : 0, playerOneEightOnSnap : true, playerOneBreakAndRun : false, playerTwoEightOnSnap : false, playerTwoBreakAndRun : false, playerOneBallType : null, playerTwoBallType : null, playerOneEightBall : [ 8 ], playerTwoEightBall : [  ], playerOneWon : true, playerTwoWon : false, numberOfInnings : 0, earlyEight : false, scratchOnEight : false, breakingPlayerStillShooting : true, stripedBallsHitIn : [  ], solidBallsHitIn : [  ], lastBallHitIn : null, onBreak : true, ended : false }, completedGames : [ { playerOneTimeoutsTaken : 1, playerTwoTimeoutsTaken : 0, playerOneEightOnSnap : true, playerOneBreakAndRun : false, playerTwoEightOnSnap : false, playerTwoBreakAndRun : false, playerOneBallType : null, playerTwoBallType : null, playerOneEightBall : [ 8 ], playerTwoEightBall : [  ], playerOneWon : true, playerTwoWon : false, numberOfInnings : 0, earlyEight : false, scratchOnEight : false, breakingPlayerStillShooting : true, stripedBallsHitIn : [  ], solidBallsHitIn : [  ], lastBallHitIn : 8, onBreak : true, ended : true } ], suddenDeath : false, forfeit : false, ended : false, originalId : 0, leagueMatchId : 3 }, matchFour : { player : { one : { name : 'Player1', rank : null, gamesNeededToWin : 0, number : '1', teamNumber : '123', gamesWon : 0, safeties : 0, eightOnSnaps : 0, breakAndRuns : 0, currentlyUp : true }, two : { name : 'Player2', rank : 2, gamesNeededToWin : 0, number : '2', teamNumber : '345', gamesWon : 0, safeties : 0, eightOnSnaps : 0, breakAndRuns : 0, currentlyUp : false } }, playerOneWon : 2, playerTwoWon : 0, currentGame : { playerOneTimeoutsTaken : 1, playerTwoTimeoutsTaken : 0, playerOneEightOnSnap : true, playerOneBreakAndRun : false, playerTwoEightOnSnap : false, playerTwoBreakAndRun : false, playerOneBallType : null, playerTwoBallType : null, playerOneEightBall : [ 8 ], playerTwoEightBall : [  ], playerOneWon : true, playerTwoWon : false, numberOfInnings : 0, earlyEight : false, scratchOnEight : false, breakingPlayerStillShooting : true, stripedBallsHitIn : [  ], solidBallsHitIn : [  ], lastBallHitIn : null, onBreak : true, ended : false }, completedGames : [ { playerOneTimeoutsTaken : 1, playerTwoTimeoutsTaken : 0, playerOneEightOnSnap : true, playerOneBreakAndRun : false, playerTwoEightOnSnap : false, playerTwoBreakAndRun : false, playerOneBallType : null, playerTwoBallType : null, playerOneEightBall : [ 8 ], playerTwoEightBall : [  ], playerOneWon : true, playerTwoWon : false, numberOfInnings : 0, earlyEight : false, scratchOnEight : false, breakingPlayerStillShooting : true, stripedBallsHitIn : [  ], solidBallsHitIn : [  ], lastBallHitIn : 8, onBreak : true, ended : true } ], suddenDeath : false, forfeit : false, ended : false, originalId : 0, leagueMatchId : 4 }, matchFive : { player : { one : { name : 'Player1', rank : null, gamesNeededToWin : 0, number : '1', teamNumber : '123', gamesWon : 0, safeties : 0, eightOnSnaps : 0, breakAndRuns : 0, currentlyUp : true }, two : { name : 'Player2', rank : 2, gamesNeededToWin : 0, number : '2', teamNumber : '345', gamesWon : 0, safeties : 0, eightOnSnaps : 0, breakAndRuns : 0, currentlyUp : false } }, playerOneWon : 2, playerTwoWon : 0, currentGame : { playerOneTimeoutsTaken : 1, playerTwoTimeoutsTaken : 0, playerOneEightOnSnap : true, playerOneBreakAndRun : false, playerTwoEightOnSnap : false, playerTwoBreakAndRun : false, playerOneBallType : null, playerTwoBallType : null, playerOneEightBall : [ 8 ], playerTwoEightBall : [  ], playerOneWon : true, playerTwoWon : false, numberOfInnings : 0, earlyEight : false, scratchOnEight : false, breakingPlayerStillShooting : true, stripedBallsHitIn : [  ], solidBallsHitIn : [  ], lastBallHitIn : null, onBreak : true, ended : false }, completedGames : [ { playerOneTimeoutsTaken : 1, playerTwoTimeoutsTaken : 0, playerOneEightOnSnap : true, playerOneBreakAndRun : false, playerTwoEightOnSnap : false, playerTwoBreakAndRun : false, playerOneBallType : null, playerTwoBallType : null, playerOneEightBall : [ 8 ], playerTwoEightBall : [  ], playerOneWon : true, playerTwoWon : false, numberOfInnings : 0, earlyEight : false, scratchOnEight : false, breakingPlayerStillShooting : true, stripedBallsHitIn : [  ], solidBallsHitIn : [  ], lastBallHitIn : 8, onBreak : true, ended : true } ], suddenDeath : false, forfeit : false, ended : false, originalId : 0, leagueMatchId : 5 }, teamNumber : '', homeTeamNumber : '123', awayTeamNumber : '345', startTime : '10:00 pm', endTime : '', tableType : 'Coin-Operated', leagueMatchId : 0 } to equal { teamNumber : '', homeTeamNumber : '123', awayTeamNumber : '345', startTime : '10:00 pm', endTime : '', tableType : 'Coin-Operated', leagueMatchId : 1 }.">Expected { matchOne : { player : { one : { name : 'Player1', rank : null, gamesNeededToWin : 0, number : '1', teamNumber : '123', gamesWon : 0, safeties : 0, eightOnSnaps : 0, breakAndRuns : 0, currentlyUp : true }, two : { name : 'Player2', rank : 2, gamesNeededToWin : 0, number : '2', teamNumber : '345', gamesWon : 0, safeties : 0, eightOnSnaps : 0, breakAndRuns : 0, currentlyUp : false } }, playerOneWon : 2, playerTwoWon : 0, currentGame : { playerOneTimeoutsTaken : 1, playerTwoTimeoutsTaken : 0, playerOneEightOnSnap : true, playerOneBreakAndRun : false, playerTwoEightOnSnap : false, playerTwoBreakAndRun : false, playerOneBallType : null, playerTwoBallType : null, playerOneEightBall : [ 8 ], playerTwoEightBall : [  ], playerOneWon : true, playerTwoWon : false, numberOfInnings : 0, earlyEight : false, scratchOnEight : false, breakingPlayerStillShooting : true, stripedBallsHitIn : [  ], solidBallsHitIn : [  ], lastBallHitIn : null, onBreak : true, ended : false }, completedGames : [ { playerOneTimeoutsTaken : 1, playerTwoTimeoutsTaken : 0, playerOneEightOnSnap : true, playerOneBreakAndRun : false, playerTwoEightOnSnap : false, playerTwoBreakAndRun : false, playerOneBallType : null, playerTwoBallType : null, playerOneEightBall : [ 8 ], playerTwoEightBall : [  ], playerOneWon : true, playerTwoWon : false, numberOfInnings : 0, earlyEight : false, scratchOnEight : false, breakingPlayerStillShooting : true, stripedBallsHitIn : [  ], solidBallsHitIn : [  ], lastBallHitIn : 8, onBreak : true, ended : true } ], suddenDeath : false, forfeit : false, ended : false, originalId : 0, leagueMatchId : 1 }, matchTwo : { player : { one : { name : 'Player1', rank : null, gamesNeededToWin : 0, number : '1', teamNumber : '123', gamesWon : 0, safeties : 0, eightOnSnaps : 0, breakAndRuns : 0, currentlyUp : true }, two : { name : 'Player2', rank : 2, gamesNeededToWin : 0, number : '2', teamNumber : '345', gamesWon : 0, safeties : 0, eightOnSnaps : 0, breakAndRuns : 0, currentlyUp : false } }, playerOneWon : 2, playerTwoWon : 0, currentGame : { playerOneTimeoutsTaken : 1, playerTwoTimeoutsTaken : 0, playerOneEightOnSnap : true, playerOneBreakAndRun : false, playerTwoEightOnSnap : false, playerTwoBreakAndRun : false, playerOneBallType : null, playerTwoBallType : null, playerOneEightBall : [ 8 ], playerTwoEightBall : [  ], playerOneWon : true, playerTwoWon : false, numberOfInnings : 0, earlyEight : false, scratchOnEight : false, breakingPlayerStillShooting : true, stripedBallsHitIn : [  ], solidBallsHitIn : [  ], lastBallHitIn : null, onBreak : true, ended : false }, completedGames : [ { playerOneTimeoutsTaken : 1, playerTwoTimeoutsTaken : 0, playerOneEightOnSnap : true, playerOneBreakAndRun : false, playerTwoEightOnSnap : false, playerTwoBreakAndRun : false, playerOneBallType : null, playerTwoBallType : null, playerOneEightBall : [ 8 ], playerTwoEightBall : [  ], playerOneWon : true, playerTwoWon : false, numberOfInnings : 0, earlyEight : false, scratchOnEight : false, breakingPlayerStillShooting : true, stripedBallsHitIn : [  ], solidBallsHitIn : [  ], lastBallHitIn : 8, onBreak : true, ended : true } ], suddenDeath : false, forfeit : false, ended : false, originalId : 0, leagueMatchId : 2 }, matchThree : { player : { one : { name : 'Player1', rank : null, gamesNeededToWin : 0, number : '1', teamNumber : '123', gamesWon : 0, safeties : 0, eightOnSnaps : 0, breakAndRuns : 0, currentlyUp : true }, two : { name : 'Player2', rank : 2, gamesNeededToWin : 0, number : '2', teamNumber : '345', gamesWon : 0, safeties : 0, eightOnSnaps : 0, breakAndRuns : 0, currentlyUp : false } }, playerOneWon : 2, playerTwoWon : 0, currentGame : { playerOneTimeoutsTaken : 1, playerTwoTimeoutsTaken : 0, playerOneEightOnSnap : true, playerOneBreakAndRun : false, playerTwoEightOnSnap : false, playerTwoBreakAndRun : false, playerOneBallType : null, playerTwoBallType : null, playerOneEightBall : [ 8 ], playerTwoEightBall : [  ], playerOneWon : true, playerTwoWon : false, numberOfInnings : 0, earlyEight : false, scratchOnEight : false, breakingPlayerStillShooting : true, stripedBallsHitIn : [  ], solidBallsHitIn : [  ], lastBallHitIn : null, onBreak : true, ended : false }, completedGames : [ { playerOneTimeoutsTaken : 1, playerTwoTimeoutsTaken : 0, playerOneEightOnSnap : true, playerOneBreakAndRun : false, playerTwoEightOnSnap : false, playerTwoBreakAndRun : false, playerOneBallType : null, playerTwoBallType : null, playerOneEightBall : [ 8 ], playerTwoEightBall : [  ], playerOneWon : true, playerTwoWon : false, numberOfInnings : 0, earlyEight : false, scratchOnEight : false, breakingPlayerStillShooting : true, stripedBallsHitIn : [  ], solidBallsHitIn : [  ], lastBallHitIn : 8, onBreak : true, ended : true } ], suddenDeath : false, forfeit : false, ended : false, originalId : 0, leagueMatchId : 3 }, matchFour : { player : { one : { name : 'Player1', rank : null, gamesNeededToWin : 0, number : '1', teamNumber : '123', gamesWon : 0, safeties : 0, eightOnSnaps : 0, breakAndRuns : 0, currentlyUp : true }, two : { name : 'Player2', rank : 2, gamesNeededToWin : 0, number : '2', teamNumber : '345', gamesWon : 0, safeties : 0, eightOnSnaps : 0, breakAndRuns : 0, currentlyUp : false } }, playerOneWon : 2, playerTwoWon : 0, currentGame : { playerOneTimeoutsTaken : 1, playerTwoTimeoutsTaken : 0, playerOneEightOnSnap : true, playerOneBreakAndRun : false, playerTwoEightOnSnap : false, playerTwoBreakAndRun : false, playerOneBallType : null, playerTwoBallType : null, playerOneEightBall : [ 8 ], playerTwoEightBall : [  ], playerOneWon : true, playerTwoWon : false, numberOfInnings : 0, earlyEight : false, scratchOnEight : false, breakingPlayerStillShooting : true, stripedBallsHitIn : [  ], solidBallsHitIn : [  ], lastBallHitIn : null, onBreak : true, ended : false }, completedGames : [ { playerOneTimeoutsTaken : 1, playerTwoTimeoutsTaken : 0, playerOneEightOnSnap : true, playerOneBreakAndRun : false, playerTwoEightOnSnap : false, playerTwoBreakAndRun : false, playerOneBallType : null, playerTwoBallType : null, playerOneEightBall : [ 8 ], playerTwoEightBall : [  ], playerOneWon : true, playerTwoWon : false, numberOfInnings : 0, earlyEight : false, scratchOnEight : false, breakingPlayerStillShooting : true, stripedBallsHitIn : [  ], solidBallsHitIn : [  ], lastBallHitIn : 8, onBreak : true, ended : true } ], suddenDeath : false, forfeit : false, ended : false, originalId : 0, leagueMatchId : 4 }, matchFive : { player : { one : { name : 'Player1', rank : null, gamesNeededToWin : 0, number : '1', teamNumber : '123', gamesWon : 0, safeties : 0, eightOnSnaps : 0, breakAndRuns : 0, currentlyUp : true }, two : { name : 'Player2', rank : 2, gamesNeededToWin : 0, number : '2', teamNumber : '345', gamesWon : 0, safeties : 0, eightOnSnaps : 0, breakAndRuns : 0, currentlyUp : false } }, playerOneWon : 2, playerTwoWon : 0, currentGame : { playerOneTimeoutsTaken : 1, playerTwoTimeoutsTaken : 0, playerOneEightOnSnap : true, playerOneBreakAndRun : false, playerTwoEightOnSnap : false, playerTwoBreakAndRun : false, playerOneBallType : null, playerTwoBallType : null, playerOneEightBall : [ 8 ], playerTwoEightBall : [  ], playerOneWon : true, playerTwoWon : false, numberOfInnings : 0, earlyEight : false, scratchOnEight : false, breakingPlayerStillShooting : true, stripedBallsHitIn : [  ], solidBallsHitIn : [  ], lastBallHitIn : null, onBreak : true, ended : false }, completedGames : [ { playerOneTimeoutsTaken : 1, playerTwoTimeoutsTaken : 0, playerOneEightOnSnap : true, playerOneBreakAndRun : false, playerTwoEightOnSnap : false, playerTwoBreakAndRun : false, playerOneBallType : null, playerTwoBallType : null, playerOneEightBall : [ 8 ], playerTwoEightBall : [  ], playerOneWon : true, playerTwoWon : false, numberOfInnings : 0, earlyEight : false, scratchOnEight : false, breakingPlayerStillShooting : true, stripedBallsHitIn : [  ], solidBallsHitIn : [  ], lastBallHitIn : 8, onBreak : true, ended : true } ], suddenDeath : false, forfeit : false, ended : false, originalId : 0, leagueMatchId : 5 }, teamNumber : '', homeTeamNumber : '123', awayTeamNumber : '345', startTime : '10:00 pm', endTime : '', tableType : 'Coin-Operated', leagueMatchId : 0 } to equal { teamNumber : '', homeTeamNumber : '123', awayTeamNumber : '345', startTime : '10:00 pm', endTime : '', tableType : 'Coin-Operated', leagueMatchId : 1 }.</error></testcase><testcase classname="jasmine" name="Eight Ball League Match toJSON/fromJSON should be able to take a json object and fill its own values" time="0.0" failure="true"><error type="expect.undefined" message="TypeError: Cannot read property &quot;homeTeamNumber&quot; from undefined in file:/Users/levid/Mobile/development/projects/CueScore/target/jasmine/src/eight_ball/eight_ball_league_match.js (line 36)">TypeError: Cannot read property &quot;homeTeamNumber&quot; from undefined in file:/Users/levid/Mobile/development/projects/CueScore/target/jasmine/src/eight_ball/eight_ball_league_match.js (line 36)</error></testcase><testcase classname="jasmine" name="Eight Ball League Match toJSON/fromJSON should be able to take a small json object and fill its own values" time="0.0" failure="false"/><testcase classname="jasmine" name="Eight Ball Match Constructor should have 2 players" time="0.0" failure="false"/><testcase classname="jasmine" name="Eight Ball Match Constructor should set Player 1 to break first" time="0.0" failure="false"/><testcase classname="jasmine" name="Eight Ball Match Constructor should create the first Game and set it to currentGame" time="0.0" failure="false"/><testcase classname="jasmine" name="Eight Ball Match Scoring should accept a number for the ball that was hit in" time="0.0" failure="false"/><testcase classname="jasmine" name="Eight Ball Match Scoring should add 1 to the respective ball type array when a ball is scored" time="0.0" failure="false"/><testcase classname="jasmine" name="Eight Ball Match Match/Game Ending should know when the match is completed" time="0.0" failure="true"><error type="expect.toEqual" message="Passed.Expected 0 to equal 1.Passed.Passed.Expected true to equal false.Expected -1 to equal 0.Passed.">Passed.Expected 0 to equal 1.Passed.Passed.Expected true to equal false.Expected -1 to equal 0.Passed.</error></testcase><testcase classname="jasmine" name="Eight Ball Match Match/Game Ending should be able to find the remaining games needed to win for player one" time="0.0" failure="true"><error type="expect.toEqual" message="Passed.Expected -1 to equal 1.">Passed.Expected -1 to equal 1.</error></testcase><testcase classname="jasmine" name="Eight Ball Match Match/Game Ending should be able to find the remaining games needed to win for player two" time="0.0" failure="true"><error type="expect.toEqual" message="Passed.Expected false to equal true.Expected 7 to equal 6.">Passed.Expected false to equal true.Expected 7 to equal 6.</error></testcase><testcase classname="jasmine" name="Eight Ball Match Match/Game Ending should add current game to the completedGames list and start a new Game when the game has completed" time="0.0" failure="true"><error type="expect.toEqual" message="Expected 2 to equal 0.Expected 3 to equal 1.Passed.Passed.">Expected 2 to equal 0.Expected 3 to equal 1.Passed.Passed.</error></testcase><testcase classname="jasmine" name="Eight Ball Match Match/Game Ending should know if the match is completed" time="0.0" failure="false"/><testcase classname="jasmine" name="Eight Ball Match Match/Game Ending should hold multiple completed games" time="0.0" failure="false"/><testcase classname="jasmine" name="Eight Ball Match Players should be able to have the rank changed and have the BallCounts and timeouts_allowed automatically" time="0.0" failure="false"/><testcase classname="jasmine" name="Eight Ball Match Players should change currently up player on missed shot" time="0.0" failure="false"/><testcase classname="jasmine" name="Eight Ball Match Players should be able to get the player twos games won" time="0.0" failure="true"><error type="expect.toEqual" message="Passed.Expected 4 to equal 1.Expected 5 to equal 1.Expected 5 to equal 2.">Passed.Expected 4 to equal 1.Expected 5 to equal 1.Expected 5 to equal 2.</error></testcase><testcase classname="jasmine" name="Eight Ball Match Players should be able to get the the games won. (example 2-0)" time="0.0" failure="true"><error type="expect.toEqual" message="Passed.Passed.Expected 'TIE' to equal '0-1'.">Passed.Passed.Expected 'TIE' to equal '0-1'.</error></testcase><testcase classname="jasmine" name="Eight Ball Match should be able to get the winning player" time="0.0" failure="false"/><testcase classname="jasmine" name="Eight Ball Match should be able to return playerones match points" time="0.0" failure="false"/><testcase classname="jasmine" name="Eight Ball Match should be able to return playertwos match points" time="0.0" failure="false"/><testcase classname="jasmine" name="Eight Ball Match should be able to get the total number of innings" time="0.0" failure="true"><error type="expect.toEqual" message="Expected '0' to equal 0.Expected '2' to equal 2.Expected '3' to equal 3.">Expected '0' to equal 0.Expected '2' to equal 2.Expected '3' to equal 3.</error></testcase><testcase classname="jasmine" name="Eight Ball Match should be able to hold on to the originalId from the database" time="0.0" failure="false"/><testcase classname="jasmine" name="Eight Ball Match should be able to hold on to the leagueMatchId from the database" time="0.0" failure="false"/><testcase classname="jasmine" name="Eight Ball Match should be able to know when the last thing that happened was a player switch" time="0.0" failure="true"><error type="expect.toEqual" message="Expected undefined to equal false.Expected undefined to equal true.Expected undefined to equal false.">Expected undefined to equal false.Expected undefined to equal true.Expected undefined to equal false.</error></testcase><testcase classname="jasmine" name="Eight Ball Match should be able to put match into sudden death mode" time="0.0" failure="false"/><testcase classname="jasmine" name="Eight Ball Match should switch players if eight ball is hit in without all other 7 balls" time="0.0" failure="false"/><testcase classname="jasmine" name="Eight Ball Match should be able to know the current game number" time="0.0" failure="true"><error type="expect.toEqual" message="Expected 9 to equal 1.Expected 10 to equal 2.">Expected 9 to equal 1.Expected 10 to equal 2.</error></testcase><testcase classname="jasmine" name="Eight Ball Match should be able to get total number of safeties" time="0.0" failure="false"/><testcase classname="jasmine" name="Eight Ball Match should be able to hit a safety" time="0.0" failure="false"/><testcase classname="jasmine" name="Eight Ball Match should reset Timeouts taken for each player when a game has ended" time="0.0" failure="true"><error type="expect.toEqual" message="Expected undefined to equal 0.Expected undefined to equal 0.Expected undefined to equal 1.Expected undefined to equal 1.Expected undefined to equal 0.Expected undefined to equal 0.">Expected undefined to equal 0.Expected undefined to equal 0.Expected undefined to equal 1.Expected undefined to equal 1.Expected undefined to equal 0.Expected undefined to equal 0.</error></testcase><testcase classname="jasmine" name="Eight Ball Match should be able to tell who won the entire match" time="0.0" failure="true"><error type="expect.toEqual" message="Expected undefined to equal false.Expected undefined to equal false.Expected -10 to equal '0'.Expected undefined to equal true.">Expected undefined to equal false.Expected undefined to equal false.Expected -10 to equal '0'.Expected undefined to equal true.</error></testcase><testcase classname="jasmine" name="Eight Ball Match toJSON/fromJSON should be able to take a new Match and turn it into a JSON object" time="0.0" failure="true"><error type="expect.toEqual" message="Expected { player : { one : { name : 'Player1', rank : 2, gamesNeededToWin : 2, number : '12345', teamNumber : '123', gamesWon : 0, safeties : 0, eightOnSnaps : 0, breakAndRuns : 0, currentlyUp : true }, two : { name : 'Player2', rank : 7, gamesNeededToWin : 7, number : '987654', teamNumber : '456', gamesWon : 0, safeties : 0, eightOnSnaps : 0, breakAndRuns : 0, currentlyUp : false } }, playerOneWon : 0, playerTwoWon : 0, currentGame : { playerOneTimeoutsTaken : 2, playerTwoTimeoutsTaken : 1, playerOneEightOnSnap : false, playerOneBreakAndRun : false, playerTwoEightOnSnap : false, playerTwoBreakAndRun : false, playerOneBallType : null, playerTwoBallType : null, playerOneEightBall : [  ], playerTwoEightBall : [  ], playerOneWon : false, playerTwoWon : false, numberOfInnings : 0, earlyEight : false, scratchOnEight : false, breakingPlayerStillShooting : true, stripedBallsHitIn : [  ], solidBallsHitIn : [  ], lastBallHitIn : null, onBreak : true, ended : false }, completedGames : [ { playerOneTimeoutsTaken : 2, playerTwoTimeoutsTaken : 1, playerOneEightOnSnap : false, playerOneBreakAndRun : false, playerTwoEightOnSnap : false, playerTwoBreakAndRun : false, playerOneBallType : null, playerTwoBallType : null, playerOneEightBall : [  ], playerTwoEightBall : [  ], playerOneWon : false, playerTwoWon : false, numberOfInnings : 0, earlyEight : false, scratchOnEight : false, breakingPlayerStillShooting : true, stripedBallsHitIn : [  ], solidBallsHitIn : [  ], lastBallHitIn : 8, onBreak : true, ended : true }, { playerOneTimeoutsTaken : 2, playerTwoTimeoutsTaken : 1, playerOneEightOnSnap : false, playerOneBreakAndRun : false, playerTwoEightOnSnap : false, playerTwoBreakAndRun : false, playerOneBallType : null, playerTwoBallType : null, playerOneEightBall : [  ], playerTwoEightBall : [  ], playerOneWon : false, playerTwoWon : false, numberOfInnings : 0, earlyEight : false, scratchOnEight : false, breakingPlayerStillShooting : true, stripedBallsHitIn : [  ], solidBallsHitIn : [  ], lastBallHitIn : 8, onBreak : true, ended : true }, { playerOneTimeoutsTaken : 2, playerTwoTimeoutsTaken : 1, playerOneEightOnSnap : false, playerOneBreakAndRun : false, playerTwoEightOnSnap : false, playerTwoBreakAndRun : false, playerOneBallType : null, playerTwoBallType : null, playerOneEightBall : [  ], playerTwoEightBall : [  ], playerOneWon : false, playerTwoWon : false, numberOfInnings : 0, earlyEight : false, scratchOnEight : false, breakingPlayerStillShooting : true, stripedBallsHitIn : [  ], solidBallsHitIn : [  ], lastBallHitIn : 8, onBreak : true, ended : true }, { playerOneTimeoutsTaken : 2, playerTwoTimeoutsTaken : 1, playerOneEightOnSnap : false, playerOneBreakAndRun : false, playerTwoEightOnSnap : false, playerTwoBreakAndRun : false, playerOneBallType : null, playerTwoBallType : null, playerOneEightBall : [  ], playerTwoEightBall : [  ], playerOneWon : false, playerTwoWon : false, numberOfInnings : 0, earlyEight : false, scratchOnEight : false, breakingPlayerStillShooting : false, stripedBallsHitIn : [  ], solidBallsHitIn : [  ], lastBallHitIn : 8, onBreak : false, ended : true }, { playerOneTimeoutsTaken : 2, playerTwoTimeoutsTaken : 1, playerOneEightOnSnap : false, playerOneBreakAndRun : false, playerTwoEightOnSnap : false, playerTwoBreakAndRun : false, playerOneBallType : null, playerTwoBallType : null, playerOneEightBall : [  ], playerTwoEightBall : [  ], playerOneWon : false, playerTwoWon : false, numberOfInnings : 0, earlyEight : false, scratchOnEight : false, breakingPlayerStillShooting : false, stripedBallsHitIn : [  ], solidBallsHitIn : [  ], lastBallHitIn : 8, onBreak : false, ended : true }, { playerOneTimeoutsTaken : 2, playerTwoTimeoutsTaken : 1, playerOneEightOnSnap : false, playerOneBreakAndRun : false, playerTwoEightOnSnap : false, playerTwoBreakAndRun : false, playerOneBallType : null, playerTwoBallType : null, playerOneEightBall : [  ], playerTwoEightBall : [  ], playerOneWon : false, playerTwoWon : false, numberOfInnings : 0, earlyEight : false, scratchOnEight : false, breakingPlayerStillShooting : true, stripedBallsHitIn : [  ], solidBallsHitIn : [  ], lastBallHitIn : 7, onBreak : true, ended : true }, { playerOneTimeoutsTaken : 2, playerTwoTimeoutsTaken : 1, playerOneEightOnSnap : false, playerOneBreakAndRun : false, playerTwoEightOnSnap : false, playerTwoBreakAndRun : false, playerOneBallType : null, playerTwoBallType : null, playerOneEightBall : [  ], playerTwoEightBall : [  ], playerOneWon : false, playerTwoWon : false, numberOfInnings : 0, earlyEight : false, scratchOnEight : false, breakingPlayerStillShooting : true, stripedBallsHitIn : [  ], solidBallsHitIn : [  ], lastBallHitIn : 8, onBreak : true, ended : true }, { playerOneTimeoutsTaken : 2, playerTwoTimeoutsTaken : 1, playerOneEightOnSnap : false, playerOneBreakAndRun : false, playerTwoEightOnSnap : false, playerTwoBreakAndRun : false, playerOneBallType : null, playerTwoBallType : null, playerOneEightBall : [  ], playerTwoEightBall : [  ], playerOneWon : false, playerTwoWon : false, numberOfInnings : 0, earlyEight : true, scratchOnEight : false, breakingPlayerStillShooting : false, stripedBallsHitIn : [  ], solidBallsHitIn : [  ], lastBallHitIn : 8, onBreak : false, ended : true }, { playerOneTimeoutsTaken : 2, playerTwoTimeoutsTaken : 1, playerOneEightOnSnap : false, playerOneBreakAndRun : false, playerTwoEightOnSnap : false, playerTwoBreakAndRun : false, playerOneBallType : null, playerTwoBallType : null, playerOneEightBall : [  ], playerTwoEightBall : [  ], playerOneWon : false, playerTwoWon : false, numberOfInnings : 0, earlyEight : false, scratchOnEight : false, breakingPlayerStillShooting : true, stripedBallsHitIn : [  ], solidBallsHitIn : [  ], lastBallHitIn : 8, onBreak : true, ended : true }, { playerOneTimeoutsTaken : 2, playerTwoTimeoutsTaken : 1, playerOneEightOnSnap : false, playerOneBreakAndRun : false, playerTwoEightOnSnap : false, playerTwoBreakAndRun : false, playerOneBallType : null, playerTwoBallType : null, playerOneEightBall : [  ], playerTwoEightBall : [  ], playerOneWon : false, playerTwoWon : false, numberOfInnings : 0, earlyEight : true, scratchOnEight : false, breakingPlayerStillShooting : false, stripedBallsHitIn : [  ], solidBallsHitIn : [  ], lastBallHitIn : 8, onBreak : false, ended : true }, { playerOneTimeoutsTaken : 2, playerTwoTimeoutsTaken : 1, playerOneEightOnSnap : false, playerOneBreakAndRun : false, playerTwoEightOnSnap : false, playerTwoBreakAndRun : false, playerOneBallType : null, playerTwoBallType : null, playerOneEightBall : [  ], playerTwoEightBall : [  ], playerOneWon : false, playerTwoWon : false, numberOfInnings : 0, earlyEight : false, scratchOnEight : false, breakingPlayerStillShooting : true, stripedBallsHitIn : [  ], solidBallsHitIn : [  ], lastBallHitIn : 8, onBreak : true, ended : true } ], suddenDeath : false, forfeit : false, ended : false, originalId : 0, leagueMatchId : 0 } to equal { player : { one : { name : 'Player1', rank : 2, gamesNeededToWin : 2, number : '12345', teamNumber : '123', gamesWon : 0, safeties : 0, eightOnSnaps : 0, breakAndRuns : 0, currentlyUp : true }, two : { name : 'Player2', rank : 7, gamesNeededToWin : 7, number : '987654', teamNumber : '456', gamesWon : 0, safeties : 0, eightOnSnaps : 0, breakAndRuns : 0, currentlyUp : false } }, playerOneWon : 0, playerTwoWon : 0, currentGame : { playerOneTimeoutsTaken : 1, playerTwoTimeoutsTaken : 1, playerOneEightOnSnap : false, playerOneBreakAndRun : false, playerTwoEightOnSnap : false, playerTwoBreakAndRun : false, playerOneBallType : null, playerTwoBallType : null, playerOneEightBall : [  ], playerTwoEightBall : [  ], playerOneWon : false, playerTwoWon : false, numberOfInnings : 0, earlyEight : false, scratchOnEight : false, breakingPlayerStillShooting : true, stripedBallsHitIn : [  ], solidBallsHitIn : [  ], lastBallHitIn : null, onBreak : true, ended : false }, completedGames : [ { playerOneTimeoutsTaken : 1, playerTwoTimeoutsTaken : 1, playerOneEightOnSnap : false, playerOneBreakAndRun : false, playerTwoEightOnSnap : false, playerTwoBreakAndRun : false, playerOneBallType : null, playerTwoBallType : null, playerOneEightBall : [  ], playerTwoEightBall : [  ], playerOneWon : false, playerTwoWon : false, numberOfInnings : 0, earlyEight : false, scratchOnEight : false, breakingPlayerStillShooting : true, stripedBallsHitIn : [  ], solidBallsHitIn : [  ], lastBallHitIn : 8, onBreak : true, ended : true }, { playerOneTimeoutsTaken : 1, playerTwoTimeoutsTaken : 1, playerOneEightOnSnap : false, playerOneBreakAndRun : false, playerTwoEightOnSnap : false, playerTwoBreakAndRun : false, playerOneBallType : null, playerTwoBallType : null, playerOneEightBall : [  ], playerTwoEightBall : [  ], playerOneWon : false, playerTwoWon : false, numberOfInnings : 0, earlyEight : false, scratchOnEight : false, breakingPlayerStillShooting : true, stripedBallsHitIn : [  ], solidBallsHitIn : [  ], lastBallHitIn : 8, onBreak : true, ended : true }, { playerOneTimeoutsTaken : 1, playerTwoTimeoutsTaken : 1, playerOneEightOnSnap : false, playerOneBreakAndRun : false, playerTwoEightOnSnap : false, playerTwoBreakAndRun : false, playerOneBallType : null, playerTwoBallType : null, playerOneEightBall : [  ], playerTwoEightBall : [  ], playerOneWon : false, playerTwoWon : false, numberOfInnings : 0, earlyEight : false, scratchOnEight : false, breakingPlayerStillShooting : false, stripedBallsHitIn 
[...]
_ball_player_spec.js (line 8)TypeError: Cannot read property &quot;Score&quot; from undefined in file:/Users/levid/Mobile/development/projects/CueScore/target/jasmine/spec/nine_ball/nine_ball_player_spec.js (line 30)">ReferenceError: &quot;NineBallPlayer&quot; is not defined. in file:/Users/levid/Mobile/development/projects/CueScore/target/jasmine/spec/nine_ball/nine_ball_player_spec.js (line 8)TypeError: Cannot read property &quot;Score&quot; from undefined in file:/Users/levid/Mobile/development/projects/CueScore/target/jasmine/spec/nine_ball/nine_ball_player_spec.js (line 30)</error></testcase><testcase classname="jasmine" name="NineBall Player should be able to find the remaining ball count" time="0.0" failure="true"><error type="expect.undefined" message="ReferenceError: &quot;NineBallPlayer&quot; is not defined. in file:/Users/levid/Mobile/development/projects/CueScore/target/jasmine/spec/nine_ball/nine_ball_player_spec.js (line 8)TypeError: Cannot call method &quot;addToScore&quot; of undefined in file:/Users/levid/Mobile/development/projects/CueScore/target/jasmine/spec/nine_ball/nine_ball_player_spec.js (line 37)">ReferenceError: &quot;NineBallPlayer&quot; is not defined. in file:/Users/levid/Mobile/development/projects/CueScore/target/jasmine/spec/nine_ball/nine_ball_player_spec.js (line 8)TypeError: Cannot call method &quot;addToScore&quot; of undefined in file:/Users/levid/Mobile/development/projects/CueScore/target/jasmine/spec/nine_ball/nine_ball_player_spec.js (line 37)</error></testcase><testcase classname="jasmine" name="NineBall Player should keep track of Safeties" time="0.0" failure="true"><error type="expect.undefined" message="ReferenceError: &quot;NineBallPlayer&quot; is not defined. in file:/Users/levid/Mobile/development/projects/CueScore/target/jasmine/spec/nine_ball/nine_ball_player_spec.js (line 8)TypeError: Cannot read property &quot;Safeties&quot; from undefined in file:/Users/levid/Mobile/development/projects/CueScore/target/jasmine/spec/nine_ball/nine_ball_player_spec.js (line 41)">ReferenceError: &quot;NineBallPlayer&quot; is not defined. in file:/Users/levid/Mobile/development/projects/CueScore/target/jasmine/spec/nine_ball/nine_ball_player_spec.js (line 8)TypeError: Cannot read property &quot;Safeties&quot; from undefined in file:/Users/levid/Mobile/development/projects/CueScore/target/jasmine/spec/nine_ball/nine_ball_player_spec.js (line 41)</error></testcase><testcase classname="jasmine" name="NineBall Player should be able to add 1 to Safeties" time="0.0" failure="true"><error type="expect.undefined" message="ReferenceError: &quot;NineBallPlayer&quot; is not defined. in file:/Users/levid/Mobile/development/projects/CueScore/target/jasmine/spec/nine_ball/nine_ball_player_spec.js (line 8)TypeError: Cannot call method &quot;addOneToSafeties&quot; of undefined in file:/Users/levid/Mobile/development/projects/CueScore/target/jasmine/spec/nine_ball/nine_ball_player_spec.js (line 44)">ReferenceError: &quot;NineBallPlayer&quot; is not defined. in file:/Users/levid/Mobile/development/projects/CueScore/target/jasmine/spec/nine_ball/nine_ball_player_spec.js (line 8)TypeError: Cannot call method &quot;addOneToSafeties&quot; of undefined in file:/Users/levid/Mobile/development/projects/CueScore/target/jasmine/spec/nine_ball/nine_ball_player_spec.js (line 44)</error></testcase><testcase classname="jasmine" name="NineBall Player should be able to keep track if it is the currently up player" time="0.0" failure="true"><error type="expect.undefined" message="ReferenceError: &quot;NineBallPlayer&quot; is not defined. in file:/Users/levid/Mobile/development/projects/CueScore/target/jasmine/spec/nine_ball/nine_ball_player_spec.js (line 8)TypeError: Cannot read property &quot;CurrentlyUp&quot; from undefined in file:/Users/levid/Mobile/development/projects/CueScore/target/jasmine/spec/nine_ball/nine_ball_player_spec.js (line 48)">ReferenceError: &quot;NineBallPlayer&quot; is not defined. in file:/Users/levid/Mobile/development/projects/CueScore/target/jasmine/spec/nine_ball/nine_ball_player_spec.js (line 8)TypeError: Cannot read property &quot;CurrentlyUp&quot; from undefined in file:/Users/levid/Mobile/development/projects/CueScore/target/jasmine/spec/nine_ball/nine_ball_player_spec.js (line 48)</error></testcase><testcase classname="jasmine" name="NineBall Player should be able to set currently up to true or false" time="0.0" failure="true"><error type="expect.undefined" message="ReferenceError: &quot;NineBallPlayer&quot; is not defined. in file:/Users/levid/Mobile/development/projects/CueScore/target/jasmine/spec/nine_ball/nine_ball_player_spec.js (line 8)TypeError: Cannot set property &quot;CurrentlyUp&quot; of undefined to &quot;true&quot; in file:/Users/levid/Mobile/development/projects/CueScore/target/jasmine/spec/nine_ball/nine_ball_player_spec.js (line 51)">ReferenceError: &quot;NineBallPlayer&quot; is not defined. in file:/Users/levid/Mobile/development/projects/CueScore/target/jasmine/spec/nine_ball/nine_ball_player_spec.js (line 8)TypeError: Cannot set property &quot;CurrentlyUp&quot; of undefined to &quot;true&quot; in file:/Users/levid/Mobile/development/projects/CueScore/target/jasmine/spec/nine_ball/nine_ball_player_spec.js (line 51)</error></testcase><testcase classname="jasmine" name="NineBall Player should know if player won" time="0.0" failure="true"><error type="expect.undefined" message="ReferenceError: &quot;NineBallPlayer&quot; is not defined. in file:/Users/levid/Mobile/development/projects/CueScore/target/jasmine/spec/nine_ball/nine_ball_player_spec.js (line 8)TypeError: Cannot call method &quot;addToScore&quot; of undefined in file:/Users/levid/Mobile/development/projects/CueScore/target/jasmine/spec/nine_ball/nine_ball_player_spec.js (line 57)">ReferenceError: &quot;NineBallPlayer&quot; is not defined. in file:/Users/levid/Mobile/development/projects/CueScore/target/jasmine/spec/nine_ball/nine_ball_player_spec.js (line 8)TypeError: Cannot call method &quot;addToScore&quot; of undefined in file:/Users/levid/Mobile/development/projects/CueScore/target/jasmine/spec/nine_ball/nine_ball_player_spec.js (line 57)</error></testcase><testcase classname="jasmine" name="NineBall Player should be able to keep track of number of 9 on snap" time="0.0" failure="true"><error type="expect.undefined" message="ReferenceError: &quot;NineBallPlayer&quot; is not defined. in file:/Users/levid/Mobile/development/projects/CueScore/target/jasmine/spec/nine_ball/nine_ball_player_spec.js (line 8)TypeError: Cannot read property &quot;NineOnSnaps&quot; from undefined in file:/Users/levid/Mobile/development/projects/CueScore/target/jasmine/spec/nine_ball/nine_ball_player_spec.js (line 63)">ReferenceError: &quot;NineBallPlayer&quot; is not defined. in file:/Users/levid/Mobile/development/projects/CueScore/target/jasmine/spec/nine_ball/nine_ball_player_spec.js (line 8)TypeError: Cannot read property &quot;NineOnSnaps&quot; from undefined in file:/Users/levid/Mobile/development/projects/CueScore/target/jasmine/spec/nine_ball/nine_ball_player_spec.js (line 63)</error></testcase><testcase classname="jasmine" name="NineBall Player should be able to keep track of number of break and run" time="0.0" failure="true"><error type="expect.undefined" message="ReferenceError: &quot;NineBallPlayer&quot; is not defined. in file:/Users/levid/Mobile/development/projects/CueScore/target/jasmine/spec/nine_ball/nine_ball_player_spec.js (line 8)TypeError: Cannot read property &quot;BreakAndRuns&quot; from undefined in file:/Users/levid/Mobile/development/projects/CueScore/target/jasmine/spec/nine_ball/nine_ball_player_spec.js (line 66)">ReferenceError: &quot;NineBallPlayer&quot; is not defined. in file:/Users/levid/Mobile/development/projects/CueScore/target/jasmine/spec/nine_ball/nine_ball_player_spec.js (line 8)TypeError: Cannot read property &quot;BreakAndRuns&quot; from undefined in file:/Users/levid/Mobile/development/projects/CueScore/target/jasmine/spec/nine_ball/nine_ball_player_spec.js (line 66)</error></testcase><testcase classname="jasmine" name="NineBall Player should be able to add one to number of 9 on snap" time="0.0" failure="true"><error type="expect.undefined" message="ReferenceError: &quot;NineBallPlayer&quot; is not defined. in file:/Users/levid/Mobile/development/projects/CueScore/target/jasmine/spec/nine_ball/nine_ball_player_spec.js (line 8)TypeError: Cannot read property &quot;NineOnSnaps&quot; from undefined in file:/Users/levid/Mobile/development/projects/CueScore/target/jasmine/spec/nine_ball/nine_ball_player_spec.js (line 69)">ReferenceError: &quot;NineBallPlayer&quot; is not defined. in file:/Users/levid/Mobile/development/projects/CueScore/target/jasmine/spec/nine_ball/nine_ball_player_spec.js (line 8)TypeError: Cannot read property &quot;NineOnSnaps&quot; from undefined in file:/Users/levid/Mobile/development/projects/CueScore/target/jasmine/spec/nine_ball/nine_ball_player_spec.js (line 69)</error></testcase><testcase classname="jasmine" name="NineBall Player should be able add one to break and run" time="0.0" failure="true"><error type="expect.undefined" message="ReferenceError: &quot;NineBallPlayer&quot; is not defined. in file:/Users/levid/Mobile/development/projects/CueScore/target/jasmine/spec/nine_ball/nine_ball_player_spec.js (line 8)TypeError: Cannot read property &quot;BreakAndRuns&quot; from undefined in file:/Users/levid/Mobile/development/projects/CueScore/target/jasmine/spec/nine_ball/nine_ball_player_spec.js (line 74)">ReferenceError: &quot;NineBallPlayer&quot; is not defined. in file:/Users/levid/Mobile/development/projects/CueScore/target/jasmine/spec/nine_ball/nine_ball_player_spec.js (line 8)TypeError: Cannot read property &quot;BreakAndRuns&quot; from undefined in file:/Users/levid/Mobile/development/projects/CueScore/target/jasmine/spec/nine_ball/nine_ball_player_spec.js (line 74)</error></testcase><testcase classname="jasmine" name="NineBall Player should be able to return first name and last name as initial" time="0.0" failure="true"><error type="expect.undefined" message="ReferenceError: &quot;NineBallPlayer&quot; is not defined. in file:/Users/levid/Mobile/development/projects/CueScore/target/jasmine/spec/nine_ball/nine_ball_player_spec.js (line 8)TypeError: Cannot call method &quot;getFirstNameWithInitials&quot; of undefined in file:/Users/levid/Mobile/development/projects/CueScore/target/jasmine/spec/nine_ball/nine_ball_player_spec.js (line 79)">ReferenceError: &quot;NineBallPlayer&quot; is not defined. in file:/Users/levid/Mobile/development/projects/CueScore/target/jasmine/spec/nine_ball/nine_ball_player_spec.js (line 8)TypeError: Cannot call method &quot;getFirstNameWithInitials&quot; of undefined in file:/Users/levid/Mobile/development/projects/CueScore/target/jasmine/spec/nine_ball/nine_ball_player_spec.js (line 79)</error></testcase><testcase classname="jasmine" name="NineBall Player should return just the first name if no last name is defined" time="0.0" failure="true"><error type="expect.undefined" message="ReferenceError: &quot;NineBallPlayer&quot; is not defined. in file:/Users/levid/Mobile/development/projects/CueScore/target/jasmine/spec/nine_ball/nine_ball_player_spec.js (line 8)ReferenceError: &quot;NineBallPlayer&quot; is not defined. in file:/Users/levid/Mobile/development/projects/CueScore/target/jasmine/spec/nine_ball/nine_ball_player_spec.js (line 82)">ReferenceError: &quot;NineBallPlayer&quot; is not defined. in file:/Users/levid/Mobile/development/projects/CueScore/target/jasmine/spec/nine_ball/nine_ball_player_spec.js (line 8)ReferenceError: &quot;NineBallPlayer&quot; is not defined. in file:/Users/levid/Mobile/development/projects/CueScore/target/jasmine/spec/nine_ball/nine_ball_player_spec.js (line 82)</error></testcase><testcase classname="jasmine" name="NineBall Player should return the Score as a string" time="0.0" failure="true"><error type="expect.undefined" message="ReferenceError: &quot;NineBallPlayer&quot; is not defined. in file:/Users/levid/Mobile/development/projects/CueScore/target/jasmine/spec/nine_ball/nine_ball_player_spec.js (line 8)TypeError: Cannot call method &quot;getScore&quot; of undefined in file:/Users/levid/Mobile/development/projects/CueScore/target/jasmine/spec/nine_ball/nine_ball_player_spec.js (line 86)">ReferenceError: &quot;NineBallPlayer&quot; is not defined. in file:/Users/levid/Mobile/development/projects/CueScore/target/jasmine/spec/nine_ball/nine_ball_player_spec.js (line 8)TypeError: Cannot call method &quot;getScore&quot; of undefined in file:/Users/levid/Mobile/development/projects/CueScore/target/jasmine/spec/nine_ball/nine_ball_player_spec.js (line 86)</error></testcase><testcase classname="jasmine" name="NineBall Player should return Nine On Snap as a string" time="0.0" failure="true"><error type="expect.undefined" message="ReferenceError: &quot;NineBallPlayer&quot; is not defined. in file:/Users/levid/Mobile/development/projects/CueScore/target/jasmine/spec/nine_ball/nine_ball_player_spec.js (line 8)TypeError: Cannot call method &quot;getNineOnSnaps&quot; of undefined in file:/Users/levid/Mobile/development/projects/CueScore/target/jasmine/spec/nine_ball/nine_ball_player_spec.js (line 89)">ReferenceError: &quot;NineBallPlayer&quot; is not defined. in file:/Users/levid/Mobile/development/projects/CueScore/target/jasmine/spec/nine_ball/nine_ball_player_spec.js (line 8)TypeError: Cannot call method &quot;getNineOnSnaps&quot; of undefined in file:/Users/levid/Mobile/development/projects/CueScore/target/jasmine/spec/nine_ball/nine_ball_player_spec.js (line 89)</error></testcase><testcase classname="jasmine" name="NineBall Player should return Break And Runs as a string" time="0.0" failure="true"><error type="expect.undefined" message="ReferenceError: &quot;NineBallPlayer&quot; is not defined. in file:/Users/levid/Mobile/development/projects/CueScore/target/jasmine/spec/nine_ball/nine_ball_player_spec.js (line 8)TypeError: Cannot call method &quot;getBreakAndRuns&quot; of undefined in file:/Users/levid/Mobile/development/projects/CueScore/target/jasmine/spec/nine_ball/nine_ball_player_spec.js (line 94)">ReferenceError: &quot;NineBallPlayer&quot; is not defined. in file:/Users/levid/Mobile/development/projects/CueScore/target/jasmine/spec/nine_ball/nine_ball_player_spec.js (line 8)TypeError: Cannot call method &quot;getBreakAndRuns&quot; of undefined in file:/Users/levid/Mobile/development/projects/CueScore/target/jasmine/spec/nine_ball/nine_ball_player_spec.js (line 94)</error></testcase><testcase classname="jasmine" name="NineBall Player should be able to have the Rank changed and have the BallCounts and TimeoutsAllowed automatically" time="0.0" failure="true"><error type="expect.undefined" message="ReferenceError: &quot;NineBallPlayer&quot; is not defined. in file:/Users/levid/Mobile/development/projects/CueScore/target/jasmine/spec/nine_ball/nine_ball_player_spec.js (line 8)TypeError: Cannot read property &quot;BallCount&quot; from undefined in file:/Users/levid/Mobile/development/projects/CueScore/target/jasmine/spec/nine_ball/nine_ball_player_spec.js (line 99)">ReferenceError: &quot;NineBallPlayer&quot; is not defined. in file:/Users/levid/Mobile/development/projects/CueScore/target/jasmine/spec/nine_ball/nine_ball_player_spec.js (line 8)TypeError: Cannot read property &quot;BallCount&quot; from undefined in file:/Users/levid/Mobile/development/projects/CueScore/target/jasmine/spec/nine_ball/nine_ball_player_spec.js (line 99)</error></testcase><testcase classname="jasmine" name="NineBall Player should be able to return a Ratio Score" time="0.0" failure="true"><error type="expect.undefined" message="ReferenceError: &quot;NineBallPlayer&quot; is not defined. in file:/Users/levid/Mobile/development/projects/CueScore/target/jasmine/spec/nine_ball/nine_ball_player_spec.js (line 8)TypeError: Cannot call method &quot;addToScore&quot; of undefined in file:/Users/levid/Mobile/development/projects/CueScore/target/jasmine/spec/nine_ball/nine_ball_player_spec.js (line 107)">ReferenceError: &quot;NineBallPlayer&quot; is not defined. in file:/Users/levid/Mobile/development/projects/CueScore/target/jasmine/spec/nine_ball/nine_ball_player_spec.js (line 8)TypeError: Cannot call method &quot;addToScore&quot; of undefined in file:/Users/levid/Mobile/development/projects/CueScore/target/jasmine/spec/nine_ball/nine_ball_player_spec.js (line 107)</error></testcase><testcase classname="jasmine" name="NineBall Player toJSON/fromJSON should be able to take a new Player and turn it into a JSON object" time="0.0" failure="true"><error type="expect.undefined" message="ReferenceError: &quot;NineBallPlayer&quot; is not defined. in file:/Users/levid/Mobile/development/projects/CueScore/target/jasmine/spec/nine_ball/nine_ball_player_spec.js (line 8)TypeError: Cannot call method &quot;toJSON&quot; of undefined in file:/Users/levid/Mobile/development/projects/CueScore/target/jasmine/spec/nine_ball/nine_ball_player_spec.js (line 112)">ReferenceError: &quot;NineBallPlayer&quot; is not defined. in file:/Users/levid/Mobile/development/projects/CueScore/target/jasmine/spec/nine_ball/nine_ball_player_spec.js (line 8)TypeError: Cannot call method &quot;toJSON&quot; of undefined in file:/Users/levid/Mobile/development/projects/CueScore/target/jasmine/spec/nine_ball/nine_ball_player_spec.js (line 112)</error></testcase><testcase classname="jasmine" name="NineBall Player toJSON/fromJSON should be able to take a Player with all variables filled and turn it into a JSON object" time="0.0" failure="true"><error type="expect.undefined" message="ReferenceError: &quot;NineBallPlayer&quot; is not defined. in file:/Users/levid/Mobile/development/projects/CueScore/target/jasmine/spec/nine_ball/nine_ball_player_spec.js (line 8)TypeError: Cannot set property &quot;Score&quot; of undefined to &quot;12&quot; in file:/Users/levid/Mobile/development/projects/CueScore/target/jasmine/spec/nine_ball/nine_ball_player_spec.js (line 126)">ReferenceError: &quot;NineBallPlayer&quot; is not defined. in file:/Users/levid/Mobile/development/projects/CueScore/target/jasmine/spec/nine_ball/nine_ball_player_spec.js (line 8)TypeError: Cannot set property &quot;Score&quot; of undefined to &quot;12&quot; in file:/Users/levid/Mobile/development/projects/CueScore/target/jasmine/spec/nine_ball/nine_ball_player_spec.js (line 126)</error></testcase><testcase classname="jasmine" name="NineBall Player toJSON/fromJSON should be able to take a Player JSON and fill a Player object with it" time="0.0" failure="true"><error type="expect.undefined" message="ReferenceError: &quot;NineBallPlayer&quot; is not defined. in file:/Users/levid/Mobile/development/projects/CueScore/target/jasmine/spec/nine_ball/nine_ball_player_spec.js (line 8)TypeError: Cannot call method &quot;fromJSON&quot; of undefined in file:/Users/levid/Mobile/development/projects/CueScore/target/jasmine/spec/nine_ball/nine_ball_player_spec.js (line 146)">ReferenceError: &quot;NineBallPlayer&quot; is not defined. in file:/Users/levid/Mobile/development/projects/CueScore/target/jasmine/spec/nine_ball/nine_ball_player_spec.js (line 8)TypeError: Cannot call method &quot;fromJSON&quot; of undefined in file:/Users/levid/Mobile/development/projects/CueScore/target/jasmine/spec/nine_ball/nine_ball_player_spec.js (line 146)</error></testcase><testcase classname="jasmine" name="NineBall Rank Scoring should return the correct Ball Counts for each rank" time="0.0" failure="false"/><testcase classname="jasmine" name="NineBall Rank Scoring should be able to return the match points for the losing player" time="0.0" failure="false"/><testcase classname="jasmine" name="NineBall Rank Scoring should be able to return the match points for the winning player" time="0.0" failure="false"/><testcase classname="jasmine" name="NineBall Rank Scoring should be able to return the number of timeouts based on model" time="0.0" failure="false"/></testsuite>